Start testing: Jul 25 17:51 CST
----------------------------------------------------------
1/138 Testing: ConfigTest.DefaultsWhenFileMissing
1/138 Test: ConfigTest.DefaultsWhenFileMissing
Command: "/root/project/oj-vibe_coding/backend/build/minioj_test_config" "--gtest_filter=ConfigTest.DefaultsWhenFileMissing" "--gtest_also_run_disabled_tests"
Directory: /root/project/oj-vibe_coding/backend/build
"ConfigTest.DefaultsWhenFileMissing" start time: Jul 25 17:51 CST
Output:
----------------------------------------------------------
Running main() from ./googletest/src/gtest_main.cc
Note: Google Test filter = ConfigTest.DefaultsWhenFileMissing
[==========] Running 1 test from 1 test suite.
[----------] Global test environment set-up.
[----------] 1 test from ConfigTest
[ RUN      ] ConfigTest.DefaultsWhenFileMissing
[       OK ] ConfigTest.DefaultsWhenFileMissing (0 ms)
[----------] 1 test from ConfigTest (0 ms total)

[----------] Global test environment tear-down
[==========] 1 test from 1 test suite ran. (0 ms total)
[  PASSED  ] 1 test.
<end of output>
Test time =   0.00 sec
----------------------------------------------------------
Test Passed.
"ConfigTest.DefaultsWhenFileMissing" end time: Jul 25 17:51 CST
"ConfigTest.DefaultsWhenFileMissing" time elapsed: 00:00:00
----------------------------------------------------------

2/138 Testing: ConfigTest.LoadsValuesFromDotenv
2/138 Test: ConfigTest.LoadsValuesFromDotenv
Command: "/root/project/oj-vibe_coding/backend/build/minioj_test_config" "--gtest_filter=ConfigTest.LoadsValuesFromDotenv" "--gtest_also_run_disabled_tests"
Directory: /root/project/oj-vibe_coding/backend/build
"ConfigTest.LoadsValuesFromDotenv" start time: Jul 25 17:51 CST
Output:
----------------------------------------------------------
Running main() from ./googletest/src/gtest_main.cc
Note: Google Test filter = ConfigTest.LoadsValuesFromDotenv
[==========] Running 1 test from 1 test suite.
[----------] Global test environment set-up.
[----------] 1 test from ConfigTest
[ RUN      ] ConfigTest.LoadsValuesFromDotenv
[       OK ] ConfigTest.LoadsValuesFromDotenv (1 ms)
[----------] 1 test from ConfigTest (1 ms total)

[----------] Global test environment tear-down
[==========] 1 test from 1 test suite ran. (1 ms total)
[  PASSED  ] 1 test.
<end of output>
Test time =   0.01 sec
----------------------------------------------------------
Test Passed.
"ConfigTest.LoadsValuesFromDotenv" end time: Jul 25 17:51 CST
"ConfigTest.LoadsValuesFromDotenv" time elapsed: 00:00:00
----------------------------------------------------------

3/138 Testing: ConfigTest.EnvironmentOverridesDotenv
3/138 Test: ConfigTest.EnvironmentOverridesDotenv
Command: "/root/project/oj-vibe_coding/backend/build/minioj_test_config" "--gtest_filter=ConfigTest.EnvironmentOverridesDotenv" "--gtest_also_run_disabled_tests"
Directory: /root/project/oj-vibe_coding/backend/build
"ConfigTest.EnvironmentOverridesDotenv" start time: Jul 25 17:51 CST
Output:
----------------------------------------------------------
Running main() from ./googletest/src/gtest_main.cc
Note: Google Test filter = ConfigTest.EnvironmentOverridesDotenv
[==========] Running 1 test from 1 test suite.
[----------] Global test environment set-up.
[----------] 1 test from ConfigTest
[ RUN      ] ConfigTest.EnvironmentOverridesDotenv
[       OK ] ConfigTest.EnvironmentOverridesDotenv (1 ms)
[----------] 1 test from ConfigTest (1 ms total)

[----------] Global test environment tear-down
[==========] 1 test from 1 test suite ran. (1 ms total)
[  PASSED  ] 1 test.
<end of output>
Test time =   0.00 sec
----------------------------------------------------------
Test Passed.
"ConfigTest.EnvironmentOverridesDotenv" end time: Jul 25 17:51 CST
"ConfigTest.EnvironmentOverridesDotenv" time elapsed: 00:00:00
----------------------------------------------------------

4/138 Testing: ConfigTest.IgnoresCommentsAndBlankLines
4/138 Test: ConfigTest.IgnoresCommentsAndBlankLines
Command: "/root/project/oj-vibe_coding/backend/build/minioj_test_config" "--gtest_filter=ConfigTest.IgnoresCommentsAndBlankLines" "--gtest_also_run_disabled_tests"
Directory: /root/project/oj-vibe_coding/backend/build
"ConfigTest.IgnoresCommentsAndBlankLines" start time: Jul 25 17:51 CST
Output:
----------------------------------------------------------
Running main() from ./googletest/src/gtest_main.cc
Note: Google Test filter = ConfigTest.IgnoresCommentsAndBlankLines
[==========] Running 1 test from 1 test suite.
[----------] Global test environment set-up.
[----------] 1 test from ConfigTest
[ RUN      ] ConfigTest.IgnoresCommentsAndBlankLines
[       OK ] ConfigTest.IgnoresCommentsAndBlankLines (0 ms)
[----------] 1 test from ConfigTest (0 ms total)

[----------] Global test environment tear-down
[==========] 1 test from 1 test suite ran. (0 ms total)
[  PASSED  ] 1 test.
<end of output>
Test time =   0.00 sec
----------------------------------------------------------
Test Passed.
"ConfigTest.IgnoresCommentsAndBlankLines" end time: Jul 25 17:51 CST
"ConfigTest.IgnoresCommentsAndBlankLines" time elapsed: 00:00:00
----------------------------------------------------------

5/138 Testing: ConfigTest.TrimsWhitespaceAndQuotes
5/138 Test: ConfigTest.TrimsWhitespaceAndQuotes
Command: "/root/project/oj-vibe_coding/backend/build/minioj_test_config" "--gtest_filter=ConfigTest.TrimsWhitespaceAndQuotes" "--gtest_also_run_disabled_tests"
Directory: /root/project/oj-vibe_coding/backend/build
"ConfigTest.TrimsWhitespaceAndQuotes" start time: Jul 25 17:51 CST
Output:
----------------------------------------------------------
Running main() from ./googletest/src/gtest_main.cc
Note: Google Test filter = ConfigTest.TrimsWhitespaceAndQuotes
[==========] Running 1 test from 1 test suite.
[----------] Global test environment set-up.
[----------] 1 test from ConfigTest
[ RUN      ] ConfigTest.TrimsWhitespaceAndQuotes
[       OK ] ConfigTest.TrimsWhitespaceAndQuotes (0 ms)
[----------] 1 test from ConfigTest (0 ms total)

[----------] Global test environment tear-down
[==========] 1 test from 1 test suite ran. (0 ms total)
[  PASSED  ] 1 test.
<end of output>
Test time =   0.00 sec
----------------------------------------------------------
Test Passed.
"ConfigTest.TrimsWhitespaceAndQuotes" end time: Jul 25 17:51 CST
"ConfigTest.TrimsWhitespaceAndQuotes" time elapsed: 00:00:00
----------------------------------------------------------

6/138 Testing: ConfigTest.RejectsMalformedLine
6/138 Test: ConfigTest.RejectsMalformedLine
Command: "/root/project/oj-vibe_coding/backend/build/minioj_test_config" "--gtest_filter=ConfigTest.RejectsMalformedLine" "--gtest_also_run_disabled_tests"
Directory: /root/project/oj-vibe_coding/backend/build
"ConfigTest.RejectsMalformedLine" start time: Jul 25 17:51 CST
Output:
----------------------------------------------------------
Running main() from ./googletest/src/gtest_main.cc
Note: Google Test filter = ConfigTest.RejectsMalformedLine
[==========] Running 1 test from 1 test suite.
[----------] Global test environment set-up.
[----------] 1 test from ConfigTest
[ RUN      ] ConfigTest.RejectsMalformedLine
[       OK ] ConfigTest.RejectsMalformedLine (0 ms)
[----------] 1 test from ConfigTest (0 ms total)

[----------] Global test environment tear-down
[==========] 1 test from 1 test suite ran. (0 ms total)
[  PASSED  ] 1 test.
<end of output>
Test time =   0.00 sec
----------------------------------------------------------
Test Passed.
"ConfigTest.RejectsMalformedLine" end time: Jul 25 17:51 CST
"ConfigTest.RejectsMalformedLine" time elapsed: 00:00:00
----------------------------------------------------------

7/138 Testing: ConfigTest.RejectsEmptyKey
7/138 Test: ConfigTest.RejectsEmptyKey
Command: "/root/project/oj-vibe_coding/backend/build/minioj_test_config" "--gtest_filter=ConfigTest.RejectsEmptyKey" "--gtest_also_run_disabled_tests"
Directory: /root/project/oj-vibe_coding/backend/build
"ConfigTest.RejectsEmptyKey" start time: Jul 25 17:51 CST
Output:
----------------------------------------------------------
Running main() from ./googletest/src/gtest_main.cc
Note: Google Test filter = ConfigTest.RejectsEmptyKey
[==========] Running 1 test from 1 test suite.
[----------] Global test environment set-up.
[----------] 1 test from ConfigTest
[ RUN      ] ConfigTest.RejectsEmptyKey
[       OK ] ConfigTest.RejectsEmptyKey (0 ms)
[----------] 1 test from ConfigTest (0 ms total)

[----------] Global test environment tear-down
[==========] 1 test from 1 test suite ran. (0 ms total)
[  PASSED  ] 1 test.
<end of output>
Test time =   0.00 sec
----------------------------------------------------------
Test Passed.
"ConfigTest.RejectsEmptyKey" end time: Jul 25 17:51 CST
"ConfigTest.RejectsEmptyKey" time elapsed: 00:00:00
----------------------------------------------------------

8/138 Testing: ConfigTest.RejectsInvalidPort
8/138 Test: ConfigTest.RejectsInvalidPort
Command: "/root/project/oj-vibe_coding/backend/build/minioj_test_config" "--gtest_filter=ConfigTest.RejectsInvalidPort" "--gtest_also_run_disabled_tests"
Directory: /root/project/oj-vibe_coding/backend/build
"ConfigTest.RejectsInvalidPort" start time: Jul 25 17:51 CST
Output:
----------------------------------------------------------
Running main() from ./googletest/src/gtest_main.cc
Note: Google Test filter = ConfigTest.RejectsInvalidPort
[==========] Running 1 test from 1 test suite.
[----------] Global test environment set-up.
[----------] 1 test from ConfigTest
[ RUN      ] ConfigTest.RejectsInvalidPort
[       OK ] ConfigTest.RejectsInvalidPort (0 ms)
[----------] 1 test from ConfigTest (0 ms total)

[----------] Global test environment tear-down
[==========] 1 test from 1 test suite ran. (0 ms total)
[  PASSED  ] 1 test.
<end of output>
Test time =   0.00 sec
----------------------------------------------------------
Test Passed.
"ConfigTest.RejectsInvalidPort" end time: Jul 25 17:51 CST
"ConfigTest.RejectsInvalidPort" time elapsed: 00:00:00
----------------------------------------------------------

9/138 Testing: ConfigTest.RejectsZeroPort
9/138 Test: ConfigTest.RejectsZeroPort
Command: "/root/project/oj-vibe_coding/backend/build/minioj_test_config" "--gtest_filter=ConfigTest.RejectsZeroPort" "--gtest_also_run_disabled_tests"
Directory: /root/project/oj-vibe_coding/backend/build
"ConfigTest.RejectsZeroPort" start time: Jul 25 17:51 CST
Output:
----------------------------------------------------------
Running main() from ./googletest/src/gtest_main.cc
Note: Google Test filter = ConfigTest.RejectsZeroPort
[==========] Running 1 test from 1 test suite.
[----------] Global test environment set-up.
[----------] 1 test from ConfigTest
[ RUN      ] ConfigTest.RejectsZeroPort
[       OK ] ConfigTest.RejectsZeroPort (0 ms)
[----------] 1 test from ConfigTest (1 ms total)

[----------] Global test environment tear-down
[==========] 1 test from 1 test suite ran. (1 ms total)
[  PASSED  ] 1 test.
<end of output>
Test time =   0.00 sec
----------------------------------------------------------
Test Passed.
"ConfigTest.RejectsZeroPort" end time: Jul 25 17:51 CST
"ConfigTest.RejectsZeroPort" time elapsed: 00:00:00
----------------------------------------------------------

10/138 Testing: ConfigTest.RejectsNonNumericPoolSize
10/138 Test: ConfigTest.RejectsNonNumericPoolSize
Command: "/root/project/oj-vibe_coding/backend/build/minioj_test_config" "--gtest_filter=ConfigTest.RejectsNonNumericPoolSize" "--gtest_also_run_disabled_tests"
Directory: /root/project/oj-vibe_coding/backend/build
"ConfigTest.RejectsNonNumericPoolSize" start time: Jul 25 17:51 CST
Output:
----------------------------------------------------------
Running main() from ./googletest/src/gtest_main.cc
Note: Google Test filter = ConfigTest.RejectsNonNumericPoolSize
[==========] Running 1 test from 1 test suite.
[----------] Global test environment set-up.
[----------] 1 test from ConfigTest
[ RUN      ] ConfigTest.RejectsNonNumericPoolSize
[       OK ] ConfigTest.RejectsNonNumericPoolSize (1 ms)
[----------] 1 test from ConfigTest (1 ms total)

[----------] Global test environment tear-down
[==========] 1 test from 1 test suite ran. (1 ms total)
[  PASSED  ] 1 test.
<end of output>
Test time =   0.01 sec
----------------------------------------------------------
Test Passed.
"ConfigTest.RejectsNonNumericPoolSize" end time: Jul 25 17:51 CST
"ConfigTest.RejectsNonNumericPoolSize" time elapsed: 00:00:00
----------------------------------------------------------

11/138 Testing: ConfigTest.RejectsPoolSizeAboveLimit
11/138 Test: ConfigTest.RejectsPoolSizeAboveLimit
Command: "/root/project/oj-vibe_coding/backend/build/minioj_test_config" "--gtest_filter=ConfigTest.RejectsPoolSizeAboveLimit" "--gtest_also_run_disabled_tests"
Directory: /root/project/oj-vibe_coding/backend/build
"ConfigTest.RejectsPoolSizeAboveLimit" start time: Jul 25 17:51 CST
Output:
----------------------------------------------------------
Running main() from ./googletest/src/gtest_main.cc
Note: Google Test filter = ConfigTest.RejectsPoolSizeAboveLimit
[==========] Running 1 test from 1 test suite.
[----------] Global test environment set-up.
[----------] 1 test from ConfigTest
[ RUN      ] ConfigTest.RejectsPoolSizeAboveLimit
[       OK ] ConfigTest.RejectsPoolSizeAboveLimit (0 ms)
[----------] 1 test from ConfigTest (0 ms total)

[----------] Global test environment tear-down
[==========] 1 test from 1 test suite ran. (0 ms total)
[  PASSED  ] 1 test.
<end of output>
Test time =   0.00 sec
----------------------------------------------------------
Test Passed.
"ConfigTest.RejectsPoolSizeAboveLimit" end time: Jul 25 17:51 CST
"ConfigTest.RejectsPoolSizeAboveLimit" time elapsed: 00:00:00
----------------------------------------------------------

12/138 Testing: ConfigTest.RejectsInvalidBoolean
12/138 Test: ConfigTest.RejectsInvalidBoolean
Command: "/root/project/oj-vibe_coding/backend/build/minioj_test_config" "--gtest_filter=ConfigTest.RejectsInvalidBoolean" "--gtest_also_run_disabled_tests"
Directory: /root/project/oj-vibe_coding/backend/build
"ConfigTest.RejectsInvalidBoolean" start time: Jul 25 17:51 CST
Output:
----------------------------------------------------------
Running main() from ./googletest/src/gtest_main.cc
Note: Google Test filter = ConfigTest.RejectsInvalidBoolean
[==========] Running 1 test from 1 test suite.
[----------] Global test environment set-up.
[----------] 1 test from ConfigTest
[ RUN      ] ConfigTest.RejectsInvalidBoolean
[       OK ] ConfigTest.RejectsInvalidBoolean (0 ms)
[----------] 1 test from ConfigTest (0 ms total)

[----------] Global test environment tear-down
[==========] 1 test from 1 test suite ran. (0 ms total)
[  PASSED  ] 1 test.
<end of output>
Test time =   0.00 sec
----------------------------------------------------------
Test Passed.
"ConfigTest.RejectsInvalidBoolean" end time: Jul 25 17:51 CST
"ConfigTest.RejectsInvalidBoolean" time elapsed: 00:00:00
----------------------------------------------------------

13/138 Testing: ConfigTest.RejectsInvalidLogLevel
13/138 Test: ConfigTest.RejectsInvalidLogLevel
Command: "/root/project/oj-vibe_coding/backend/build/minioj_test_config" "--gtest_filter=ConfigTest.RejectsInvalidLogLevel" "--gtest_also_run_disabled_tests"
Directory: /root/project/oj-vibe_coding/backend/build
"ConfigTest.RejectsInvalidLogLevel" start time: Jul 25 17:51 CST
Output:
----------------------------------------------------------
Running main() from ./googletest/src/gtest_main.cc
Note: Google Test filter = ConfigTest.RejectsInvalidLogLevel
[==========] Running 1 test from 1 test suite.
[----------] Global test environment set-up.
[----------] 1 test from ConfigTest
[ RUN      ] ConfigTest.RejectsInvalidLogLevel
[       OK ] ConfigTest.RejectsInvalidLogLevel (0 ms)
[----------] 1 test from ConfigTest (1 ms total)

[----------] Global test environment tear-down
[==========] 1 test from 1 test suite ran. (1 ms total)
[  PASSED  ] 1 test.
<end of output>
Test time =   0.00 sec
----------------------------------------------------------
Test Passed.
"ConfigTest.RejectsInvalidLogLevel" end time: Jul 25 17:51 CST
"ConfigTest.RejectsInvalidLogLevel" time elapsed: 00:00:00
----------------------------------------------------------

14/138 Testing: ConfigTest.RejectsEmptyPassword
14/138 Test: ConfigTest.RejectsEmptyPassword
Command: "/root/project/oj-vibe_coding/backend/build/minioj_test_config" "--gtest_filter=ConfigTest.RejectsEmptyPassword" "--gtest_also_run_disabled_tests"
Directory: /root/project/oj-vibe_coding/backend/build
"ConfigTest.RejectsEmptyPassword" start time: Jul 25 17:51 CST
Output:
----------------------------------------------------------
Running main() from ./googletest/src/gtest_main.cc
Note: Google Test filter = ConfigTest.RejectsEmptyPassword
[==========] Running 1 test from 1 test suite.
[----------] Global test environment set-up.
[----------] 1 test from ConfigTest
[ RUN      ] ConfigTest.RejectsEmptyPassword
[       OK ] ConfigTest.RejectsEmptyPassword (0 ms)
[----------] 1 test from ConfigTest (0 ms total)

[----------] Global test environment tear-down
[==========] 1 test from 1 test suite ran. (0 ms total)
[  PASSED  ] 1 test.
<end of output>
Test time =   0.00 sec
----------------------------------------------------------
Test Passed.
"ConfigTest.RejectsEmptyPassword" end time: Jul 25 17:51 CST
"ConfigTest.RejectsEmptyPassword" time elapsed: 00:00:00
----------------------------------------------------------

15/138 Testing: ConfigTest.RejectsNegativeNumber
15/138 Test: ConfigTest.RejectsNegativeNumber
Command: "/root/project/oj-vibe_coding/backend/build/minioj_test_config" "--gtest_filter=ConfigTest.RejectsNegativeNumber" "--gtest_also_run_disabled_tests"
Directory: /root/project/oj-vibe_coding/backend/build
"ConfigTest.RejectsNegativeNumber" start time: Jul 25 17:51 CST
Output:
----------------------------------------------------------
Running main() from ./googletest/src/gtest_main.cc
Note: Google Test filter = ConfigTest.RejectsNegativeNumber
[==========] Running 1 test from 1 test suite.
[----------] Global test environment set-up.
[----------] 1 test from ConfigTest
[ RUN      ] ConfigTest.RejectsNegativeNumber
[       OK ] ConfigTest.RejectsNegativeNumber (0 ms)
[----------] 1 test from ConfigTest (1 ms total)

[----------] Global test environment tear-down
[==========] 1 test from 1 test suite ran. (1 ms total)
[  PASSED  ] 1 test.
<end of output>
Test time =   0.01 sec
----------------------------------------------------------
Test Passed.
"ConfigTest.RejectsNegativeNumber" end time: Jul 25 17:51 CST
"ConfigTest.RejectsNegativeNumber" time elapsed: 00:00:00
----------------------------------------------------------

16/138 Testing: ParseLogLevelTest.RecognisesAllLevels
16/138 Test: ParseLogLevelTest.RecognisesAllLevels
Command: "/root/project/oj-vibe_coding/backend/build/minioj_test_logger" "--gtest_filter=ParseLogLevelTest.RecognisesAllLevels" "--gtest_also_run_disabled_tests"
Directory: /root/project/oj-vibe_coding/backend/build
"ParseLogLevelTest.RecognisesAllLevels" start time: Jul 25 17:51 CST
Output:
----------------------------------------------------------
Running main() from ./googletest/src/gtest_main.cc
Note: Google Test filter = ParseLogLevelTest.RecognisesAllLevels
[==========] Running 1 test from 1 test suite.
[----------] Global test environment set-up.
[----------] 1 test from ParseLogLevelTest
[ RUN      ] ParseLogLevelTest.RecognisesAllLevels
[       OK ] ParseLogLevelTest.RecognisesAllLevels (0 ms)
[----------] 1 test from ParseLogLevelTest (0 ms total)

[----------] Global test environment tear-down
[==========] 1 test from 1 test suite ran. (0 ms total)
[  PASSED  ] 1 test.
<end of output>
Test time =   0.00 sec
----------------------------------------------------------
Test Passed.
"ParseLogLevelTest.RecognisesAllLevels" end time: Jul 25 17:51 CST
"ParseLogLevelTest.RecognisesAllLevels" time elapsed: 00:00:00
----------------------------------------------------------

17/138 Testing: ParseLogLevelTest.RejectsUnknownLevel
17/138 Test: ParseLogLevelTest.RejectsUnknownLevel
Command: "/root/project/oj-vibe_coding/backend/build/minioj_test_logger" "--gtest_filter=ParseLogLevelTest.RejectsUnknownLevel" "--gtest_also_run_disabled_tests"
Directory: /root/project/oj-vibe_coding/backend/build
"ParseLogLevelTest.RejectsUnknownLevel" start time: Jul 25 17:51 CST
Output:
----------------------------------------------------------
Running main() from ./googletest/src/gtest_main.cc
Note: Google Test filter = ParseLogLevelTest.RejectsUnknownLevel
[==========] Running 1 test from 1 test suite.
[----------] Global test environment set-up.
[----------] 1 test from ParseLogLevelTest
[ RUN      ] ParseLogLevelTest.RejectsUnknownLevel
[       OK ] ParseLogLevelTest.RejectsUnknownLevel (0 ms)
[----------] 1 test from ParseLogLevelTest (0 ms total)

[----------] Global test environment tear-down
[==========] 1 test from 1 test suite ran. (0 ms total)
[  PASSED  ] 1 test.
<end of output>
Test time =   0.00 sec
----------------------------------------------------------
Test Passed.
"ParseLogLevelTest.RejectsUnknownLevel" end time: Jul 25 17:51 CST
"ParseLogLevelTest.RejectsUnknownLevel" time elapsed: 00:00:00
----------------------------------------------------------

18/138 Testing: LogLevelNameTest.MatchesParseInverse
18/138 Test: LogLevelNameTest.MatchesParseInverse
Command: "/root/project/oj-vibe_coding/backend/build/minioj_test_logger" "--gtest_filter=LogLevelNameTest.MatchesParseInverse" "--gtest_also_run_disabled_tests"
Directory: /root/project/oj-vibe_coding/backend/build
"LogLevelNameTest.MatchesParseInverse" start time: Jul 25 17:51 CST
Output:
----------------------------------------------------------
Running main() from ./googletest/src/gtest_main.cc
Note: Google Test filter = LogLevelNameTest.MatchesParseInverse
[==========] Running 1 test from 1 test suite.
[----------] Global test environment set-up.
[----------] 1 test from LogLevelNameTest
[ RUN      ] LogLevelNameTest.MatchesParseInverse
[       OK ] LogLevelNameTest.MatchesParseInverse (0 ms)
[----------] 1 test from LogLevelNameTest (0 ms total)

[----------] Global test environment tear-down
[==========] 1 test from 1 test suite ran. (0 ms total)
[  PASSED  ] 1 test.
<end of output>
Test time =   0.00 sec
----------------------------------------------------------
Test Passed.
"LogLevelNameTest.MatchesParseInverse" end time: Jul 25 17:51 CST
"LogLevelNameTest.MatchesParseInverse" time elapsed: 00:00:00
----------------------------------------------------------

19/138 Testing: LoggerTest.EmitsFormattedLineAtOrAboveMinimum
19/138 Test: LoggerTest.EmitsFormattedLineAtOrAboveMinimum
Command: "/root/project/oj-vibe_coding/backend/build/minioj_test_logger" "--gtest_filter=LoggerTest.EmitsFormattedLineAtOrAboveMinimum" "--gtest_also_run_disabled_tests"
Directory: /root/project/oj-vibe_coding/backend/build
"LoggerTest.EmitsFormattedLineAtOrAboveMinimum" start time: Jul 25 17:51 CST
Output:
----------------------------------------------------------
Running main() from ./googletest/src/gtest_main.cc
Note: Google Test filter = LoggerTest.EmitsFormattedLineAtOrAboveMinimum
[==========] Running 1 test from 1 test suite.
[----------] Global test environment set-up.
[----------] 1 test from LoggerTest
[ RUN      ] LoggerTest.EmitsFormattedLineAtOrAboveMinimum
[       OK ] LoggerTest.EmitsFormattedLineAtOrAboveMinimum (1 ms)
[----------] 1 test from LoggerTest (1 ms total)

[----------] Global test environment tear-down
[==========] 1 test from 1 test suite ran. (1 ms total)
[  PASSED  ] 1 test.
<end of output>
Test time =   0.00 sec
----------------------------------------------------------
Test Passed.
"LoggerTest.EmitsFormattedLineAtOrAboveMinimum" end time: Jul 25 17:51 CST
"LoggerTest.EmitsFormattedLineAtOrAboveMinimum" time elapsed: 00:00:00
----------------------------------------------------------

20/138 Testing: LoggerTest.SuppressesMessagesBelowMinimum
20/138 Test: LoggerTest.SuppressesMessagesBelowMinimum
Command: "/root/project/oj-vibe_coding/backend/build/minioj_test_logger" "--gtest_filter=LoggerTest.SuppressesMessagesBelowMinimum" "--gtest_also_run_disabled_tests"
Directory: /root/project/oj-vibe_coding/backend/build
"LoggerTest.SuppressesMessagesBelowMinimum" start time: Jul 25 17:51 CST
Output:
----------------------------------------------------------
Running main() from ./googletest/src/gtest_main.cc
Note: Google Test filter = LoggerTest.SuppressesMessagesBelowMinimum
[==========] Running 1 test from 1 test suite.
[----------] Global test environment set-up.
[----------] 1 test from LoggerTest
[ RUN      ] LoggerTest.SuppressesMessagesBelowMinimum
[       OK ] LoggerTest.SuppressesMessagesBelowMinimum (0 ms)
[----------] 1 test from LoggerTest (0 ms total)

[----------] Global test environment tear-down
[==========] 1 test from 1 test suite ran. (0 ms total)
[  PASSED  ] 1 test.
<end of output>
Test time =   0.00 sec
----------------------------------------------------------
Test Passed.
"LoggerTest.SuppressesMessagesBelowMinimum" end time: Jul 25 17:51 CST
"LoggerTest.SuppressesMessagesBelowMinimum" time elapsed: 00:00:00
----------------------------------------------------------

21/138 Testing: LoggerTest.ErrorAlwaysEmitted
21/138 Test: LoggerTest.ErrorAlwaysEmitted
Command: "/root/project/oj-vibe_coding/backend/build/minioj_test_logger" "--gtest_filter=LoggerTest.ErrorAlwaysEmitted" "--gtest_also_run_disabled_tests"
Directory: /root/project/oj-vibe_coding/backend/build
"LoggerTest.ErrorAlwaysEmitted" start time: Jul 25 17:51 CST
Output:
----------------------------------------------------------
Running main() from ./googletest/src/gtest_main.cc
Note: Google Test filter = LoggerTest.ErrorAlwaysEmitted
[==========] Running 1 test from 1 test suite.
[----------] Global test environment set-up.
[----------] 1 test from LoggerTest
[ RUN      ] LoggerTest.ErrorAlwaysEmitted
[       OK ] LoggerTest.ErrorAlwaysEmitted (0 ms)
[----------] 1 test from LoggerTest (0 ms total)

[----------] Global test environment tear-down
[==========] 1 test from 1 test suite ran. (0 ms total)
[  PASSED  ] 1 test.
<end of output>
Test time =   0.00 sec
----------------------------------------------------------
Test Passed.
"LoggerTest.ErrorAlwaysEmitted" end time: Jul 25 17:51 CST
"LoggerTest.ErrorAlwaysEmitted" time elapsed: 00:00:00
----------------------------------------------------------

22/138 Testing: LoggerTest.UsesUtcTimestamp
22/138 Test: LoggerTest.UsesUtcTimestamp
Command: "/root/project/oj-vibe_coding/backend/build/minioj_test_logger" "--gtest_filter=LoggerTest.UsesUtcTimestamp" "--gtest_also_run_disabled_tests"
Directory: /root/project/oj-vibe_coding/backend/build
"LoggerTest.UsesUtcTimestamp" start time: Jul 25 17:51 CST
Output:
----------------------------------------------------------
Running main() from ./googletest/src/gtest_main.cc
Note: Google Test filter = LoggerTest.UsesUtcTimestamp
[==========] Running 1 test from 1 test suite.
[----------] Global test environment set-up.
[----------] 1 test from LoggerTest
[ RUN      ] LoggerTest.UsesUtcTimestamp
[       OK ] LoggerTest.UsesUtcTimestamp (0 ms)
[----------] 1 test from LoggerTest (0 ms total)

[----------] Global test environment tear-down
[==========] 1 test from 1 test suite ran. (0 ms total)
[  PASSED  ] 1 test.
<end of output>
Test time =   0.00 sec
----------------------------------------------------------
Test Passed.
"LoggerTest.UsesUtcTimestamp" end time: Jul 25 17:51 CST
"LoggerTest.UsesUtcTimestamp" time elapsed: 00:00:00
----------------------------------------------------------

23/138 Testing: ParseDifficultyTest.RecognisesAllLevels
23/138 Test: ParseDifficultyTest.RecognisesAllLevels
Command: "/root/project/oj-vibe_coding/backend/build/minioj_test_types" "--gtest_filter=ParseDifficultyTest.RecognisesAllLevels" "--gtest_also_run_disabled_tests"
Directory: /root/project/oj-vibe_coding/backend/build
"ParseDifficultyTest.RecognisesAllLevels" start time: Jul 25 17:51 CST
Output:
----------------------------------------------------------
Running main() from ./googletest/src/gtest_main.cc
Note: Google Test filter = ParseDifficultyTest.RecognisesAllLevels
[==========] Running 1 test from 1 test suite.
[----------] Global test environment set-up.
[----------] 1 test from ParseDifficultyTest
[ RUN      ] ParseDifficultyTest.RecognisesAllLevels
[       OK ] ParseDifficultyTest.RecognisesAllLevels (0 ms)
[----------] 1 test from ParseDifficultyTest (0 ms total)

[----------] Global test environment tear-down
[==========] 1 test from 1 test suite ran. (0 ms total)
[  PASSED  ] 1 test.
<end of output>
Test time =   0.00 sec
----------------------------------------------------------
Test Passed.
"ParseDifficultyTest.RecognisesAllLevels" end time: Jul 25 17:51 CST
"ParseDifficultyTest.RecognisesAllLevels" time elapsed: 00:00:00
----------------------------------------------------------

24/138 Testing: ParseDifficultyTest.IsCaseSensitive
24/138 Test: ParseDifficultyTest.IsCaseSensitive
Command: "/root/project/oj-vibe_coding/backend/build/minioj_test_types" "--gtest_filter=ParseDifficultyTest.IsCaseSensitive" "--gtest_also_run_disabled_tests"
Directory: /root/project/oj-vibe_coding/backend/build
"ParseDifficultyTest.IsCaseSensitive" start time: Jul 25 17:51 CST
Output:
----------------------------------------------------------
Running main() from ./googletest/src/gtest_main.cc
Note: Google Test filter = ParseDifficultyTest.IsCaseSensitive
[==========] Running 1 test from 1 test suite.
[----------] Global test environment set-up.
[----------] 1 test from ParseDifficultyTest
[ RUN      ] ParseDifficultyTest.IsCaseSensitive
[       OK ] ParseDifficultyTest.IsCaseSensitive (0 ms)
[----------] 1 test from ParseDifficultyTest (0 ms total)

[----------] Global test environment tear-down
[==========] 1 test from 1 test suite ran. (0 ms total)
[  PASSED  ] 1 test.
<end of output>
Test time =   0.00 sec
----------------------------------------------------------
Test Passed.
"ParseDifficultyTest.IsCaseSensitive" end time: Jul 25 17:51 CST
"ParseDifficultyTest.IsCaseSensitive" time elapsed: 00:00:00
----------------------------------------------------------

25/138 Testing: ParseDifficultyTest.RejectsUnknownValues
25/138 Test: ParseDifficultyTest.RejectsUnknownValues
Command: "/root/project/oj-vibe_coding/backend/build/minioj_test_types" "--gtest_filter=ParseDifficultyTest.RejectsUnknownValues" "--gtest_also_run_disabled_tests"
Directory: /root/project/oj-vibe_coding/backend/build
"ParseDifficultyTest.RejectsUnknownValues" start time: Jul 25 17:51 CST
Output:
----------------------------------------------------------
Running main() from ./googletest/src/gtest_main.cc
Note: Google Test filter = ParseDifficultyTest.RejectsUnknownValues
[==========] Running 1 test from 1 test suite.
[----------] Global test environment set-up.
[----------] 1 test from ParseDifficultyTest
[ RUN      ] ParseDifficultyTest.RejectsUnknownValues
[       OK ] ParseDifficultyTest.RejectsUnknownValues (0 ms)
[----------] 1 test from ParseDifficultyTest (0 ms total)

[----------] Global test environment tear-down
[==========] 1 test from 1 test suite ran. (0 ms total)
[  PASSED  ] 1 test.
<end of output>
Test time =   0.00 sec
----------------------------------------------------------
Test Passed.
"ParseDifficultyTest.RejectsUnknownValues" end time: Jul 25 17:51 CST
"ParseDifficultyTest.RejectsUnknownValues" time elapsed: 00:00:00
----------------------------------------------------------

26/138 Testing: TagDtoTest.ContainsIdAndName
26/138 Test: TagDtoTest.ContainsIdAndName
Command: "/root/project/oj-vibe_coding/backend/build/minioj_test_problem_dto" "--gtest_filter=TagDtoTest.ContainsIdAndName" "--gtest_also_run_disabled_tests"
Directory: /root/project/oj-vibe_coding/backend/build
"TagDtoTest.ContainsIdAndName" start time: Jul 25 17:51 CST
Output:
----------------------------------------------------------
Running main() from ./googletest/src/gtest_main.cc
Note: Google Test filter = TagDtoTest.ContainsIdAndName
[==========] Running 1 test from 1 test suite.
[----------] Global test environment set-up.
[----------] 1 test from TagDtoTest
[ RUN      ] TagDtoTest.ContainsIdAndName
[       OK ] TagDtoTest.ContainsIdAndName (0 ms)
[----------] 1 test from TagDtoTest (0 ms total)

[----------] Global test environment tear-down
[==========] 1 test from 1 test suite ran. (0 ms total)
[  PASSED  ] 1 test.
<end of output>
Test time =   0.00 sec
----------------------------------------------------------
Test Passed.
"TagDtoTest.ContainsIdAndName" end time: Jul 25 17:51 CST
"TagDtoTest.ContainsIdAndName" time elapsed: 00:00:00
----------------------------------------------------------

27/138 Testing: TestCaseDtoTest.MapsAllFields
27/138 Test: TestCaseDtoTest.MapsAllFields
Command: "/root/project/oj-vibe_coding/backend/build/minioj_test_problem_dto" "--gtest_filter=TestCaseDtoTest.MapsAllFields" "--gtest_also_run_disabled_tests"
Directory: /root/project/oj-vibe_coding/backend/build
"TestCaseDtoTest.MapsAllFields" start time: Jul 25 17:51 CST
Output:
----------------------------------------------------------
Running main() from ./googletest/src/gtest_main.cc
Note: Google Test filter = TestCaseDtoTest.MapsAllFields
[==========] Running 1 test from 1 test suite.
[----------] Global test environment set-up.
[----------] 1 test from TestCaseDtoTest
[ RUN      ] TestCaseDtoTest.MapsAllFields
[       OK ] TestCaseDtoTest.MapsAllFields (0 ms)
[----------] 1 test from TestCaseDtoTest (0 ms total)

[----------] Global test environment tear-down
[==========] 1 test from 1 test suite ran. (0 ms total)
[  PASSED  ] 1 test.
<end of output>
Test time =   0.00 sec
----------------------------------------------------------
Test Passed.
"TestCaseDtoTest.MapsAllFields" end time: Jul 25 17:51 CST
"TestCaseDtoTest.MapsAllFields" time elapsed: 00:00:00
----------------------------------------------------------

28/138 Testing: ProblemSummaryDtoTest.IncludesAllPublicFields
28/138 Test: ProblemSummaryDtoTest.IncludesAllPublicFields
Command: "/root/project/oj-vibe_coding/backend/build/minioj_test_problem_dto" "--gtest_filter=ProblemSummaryDtoTest.IncludesAllPublicFields" "--gtest_also_run_disabled_tests"
Directory: /root/project/oj-vibe_coding/backend/build
"ProblemSummaryDtoTest.IncludesAllPublicFields" start time: Jul 25 17:51 CST
Output:
----------------------------------------------------------
Running main() from ./googletest/src/gtest_main.cc
Note: Google Test filter = ProblemSummaryDtoTest.IncludesAllPublicFields
[==========] Running 1 test from 1 test suite.
[----------] Global test environment set-up.
[----------] 1 test from ProblemSummaryDtoTest
[ RUN      ] ProblemSummaryDtoTest.IncludesAllPublicFields
[       OK ] ProblemSummaryDtoTest.IncludesAllPublicFields (0 ms)
[----------] 1 test from ProblemSummaryDtoTest (0 ms total)

[----------] Global test environment tear-down
[==========] 1 test from 1 test suite ran. (0 ms total)
[  PASSED  ] 1 test.
<end of output>
Test time =   0.00 sec
----------------------------------------------------------
Test Passed.
"ProblemSummaryDtoTest.IncludesAllPublicFields" end time: Jul 25 17:51 CST
"ProblemSummaryDtoTest.IncludesAllPublicFields" time elapsed: 00:00:00
----------------------------------------------------------

29/138 Testing: ProblemSummaryDtoTest.ExcludesDescription
29/138 Test: ProblemSummaryDtoTest.ExcludesDescription
Command: "/root/project/oj-vibe_coding/backend/build/minioj_test_problem_dto" "--gtest_filter=ProblemSummaryDtoTest.ExcludesDescription" "--gtest_also_run_disabled_tests"
Directory: /root/project/oj-vibe_coding/backend/build
"ProblemSummaryDtoTest.ExcludesDescription" start time: Jul 25 17:51 CST
Output:
----------------------------------------------------------
Running main() from ./googletest/src/gtest_main.cc
Note: Google Test filter = ProblemSummaryDtoTest.ExcludesDescription
[==========] Running 1 test from 1 test suite.
[----------] Global test environment set-up.
[----------] 1 test from ProblemSummaryDtoTest
[ RUN      ] ProblemSummaryDtoTest.ExcludesDescription
[       OK ] ProblemSummaryDtoTest.ExcludesDescription (0 ms)
[----------] 1 test from ProblemSummaryDtoTest (0 ms total)

[----------] Global test environment tear-down
[==========] 1 test from 1 test suite ran. (0 ms total)
[  PASSED  ] 1 test.
<end of output>
Test time =   0.00 sec
----------------------------------------------------------
Test Passed.
"ProblemSummaryDtoTest.ExcludesDescription" end time: Jul 25 17:51 CST
"ProblemSummaryDtoTest.ExcludesDescription" time elapsed: 00:00:00
----------------------------------------------------------

30/138 Testing: ProblemSummaryDtoTest.DifficultySerialisesAsString
30/138 Test: ProblemSummaryDtoTest.DifficultySerialisesAsString
Command: "/root/project/oj-vibe_coding/backend/build/minioj_test_problem_dto" "--gtest_filter=ProblemSummaryDtoTest.DifficultySerialisesAsString" "--gtest_also_run_disabled_tests"
Directory: /root/project/oj-vibe_coding/backend/build
"ProblemSummaryDtoTest.DifficultySerialisesAsString" start time: Jul 25 17:51 CST
Output:
----------------------------------------------------------
Running main() from ./googletest/src/gtest_main.cc
Note: Google Test filter = ProblemSummaryDtoTest.DifficultySerialisesAsString
[==========] Running 1 test from 1 test suite.
[----------] Global test environment set-up.
[----------] 1 test from ProblemSummaryDtoTest
[ RUN      ] ProblemSummaryDtoTest.DifficultySerialisesAsString
[       OK ] ProblemSummaryDtoTest.DifficultySerialisesAsString (0 ms)
[----------] 1 test from ProblemSummaryDtoTest (0 ms total)

[----------] Global test environment tear-down
[==========] 1 test from 1 test suite ran. (0 ms total)
[  PASSED  ] 1 test.
<end of output>
Test time =   0.00 sec
----------------------------------------------------------
Test Passed.
"ProblemSummaryDtoTest.DifficultySerialisesAsString" end time: Jul 25 17:51 CST
"ProblemSummaryDtoTest.DifficultySerialisesAsString" time elapsed: 00:00:00
----------------------------------------------------------

31/138 Testing: ProblemSummaryDtoTest.EmptyTagsArrayWhenNone
31/138 Test: ProblemSummaryDtoTest.EmptyTagsArrayWhenNone
Command: "/root/project/oj-vibe_coding/backend/build/minioj_test_problem_dto" "--gtest_filter=ProblemSummaryDtoTest.EmptyTagsArrayWhenNone" "--gtest_also_run_disabled_tests"
Directory: /root/project/oj-vibe_coding/backend/build
"ProblemSummaryDtoTest.EmptyTagsArrayWhenNone" start time: Jul 25 17:51 CST
Output:
----------------------------------------------------------
Running main() from ./googletest/src/gtest_main.cc
Note: Google Test filter = ProblemSummaryDtoTest.EmptyTagsArrayWhenNone
[==========] Running 1 test from 1 test suite.
[----------] Global test environment set-up.
[----------] 1 test from ProblemSummaryDtoTest
[ RUN      ] ProblemSummaryDtoTest.EmptyTagsArrayWhenNone
[       OK ] ProblemSummaryDtoTest.EmptyTagsArrayWhenNone (0 ms)
[----------] 1 test from ProblemSummaryDtoTest (0 ms total)

[----------] Global test environment tear-down
[==========] 1 test from 1 test suite ran. (0 ms total)
[  PASSED  ] 1 test.
<end of output>
Test time =   0.00 sec
----------------------------------------------------------
Test Passed.
"ProblemSummaryDtoTest.EmptyTagsArrayWhenNone" end time: Jul 25 17:51 CST
"ProblemSummaryDtoTest.EmptyTagsArrayWhenNone" time elapsed: 00:00:00
----------------------------------------------------------

32/138 Testing: ProblemDetailDtoTest.IncludesDescriptionAndSamples
32/138 Test: ProblemDetailDtoTest.IncludesDescriptionAndSamples
Command: "/root/project/oj-vibe_coding/backend/build/minioj_test_problem_dto" "--gtest_filter=ProblemDetailDtoTest.IncludesDescriptionAndSamples" "--gtest_also_run_disabled_tests"
Directory: /root/project/oj-vibe_coding/backend/build
"ProblemDetailDtoTest.IncludesDescriptionAndSamples" start time: Jul 25 17:51 CST
Output:
----------------------------------------------------------
Running main() from ./googletest/src/gtest_main.cc
Note: Google Test filter = ProblemDetailDtoTest.IncludesDescriptionAndSamples
[==========] Running 1 test from 1 test suite.
[----------] Global test environment set-up.
[----------] 1 test from ProblemDetailDtoTest
[ RUN      ] ProblemDetailDtoTest.IncludesDescriptionAndSamples
[       OK ] ProblemDetailDtoTest.IncludesDescriptionAndSamples (0 ms)
[----------] 1 test from ProblemDetailDtoTest (0 ms total)

[----------] Global test environment tear-down
[==========] 1 test from 1 test suite ran. (0 ms total)
[  PASSED  ] 1 test.
<end of output>
Test time =   0.00 sec
----------------------------------------------------------
Test Passed.
"ProblemDetailDtoTest.IncludesDescriptionAndSamples" end time: Jul 25 17:51 CST
"ProblemDetailDtoTest.IncludesDescriptionAndSamples" time elapsed: 00:00:00
----------------------------------------------------------

33/138 Testing: ProblemListDtoTest.WrapsSummariesInArray
33/138 Test: ProblemListDtoTest.WrapsSummariesInArray
Command: "/root/project/oj-vibe_coding/backend/build/minioj_test_problem_dto" "--gtest_filter=ProblemListDtoTest.WrapsSummariesInArray" "--gtest_also_run_disabled_tests"
Directory: /root/project/oj-vibe_coding/backend/build
"ProblemListDtoTest.WrapsSummariesInArray" start time: Jul 25 17:51 CST
Output:
----------------------------------------------------------
Running main() from ./googletest/src/gtest_main.cc
Note: Google Test filter = ProblemListDtoTest.WrapsSummariesInArray
[==========] Running 1 test from 1 test suite.
[----------] Global test environment set-up.
[----------] 1 test from ProblemListDtoTest
[ RUN      ] ProblemListDtoTest.WrapsSummariesInArray
[       OK ] ProblemListDtoTest.WrapsSummariesInArray (0 ms)
[----------] 1 test from ProblemListDtoTest (0 ms total)

[----------] Global test environment tear-down
[==========] 1 test from 1 test suite ran. (0 ms total)
[  PASSED  ] 1 test.
<end of output>
Test time =   0.00 sec
----------------------------------------------------------
Test Passed.
"ProblemListDtoTest.WrapsSummariesInArray" end time: Jul 25 17:51 CST
"ProblemListDtoTest.WrapsSummariesInArray" time elapsed: 00:00:00
----------------------------------------------------------

34/138 Testing: ProblemDtoTest.EscapesSpecialCharacters
34/138 Test: ProblemDtoTest.EscapesSpecialCharacters
Command: "/root/project/oj-vibe_coding/backend/build/minioj_test_problem_dto" "--gtest_filter=ProblemDtoTest.EscapesSpecialCharacters" "--gtest_also_run_disabled_tests"
Directory: /root/project/oj-vibe_coding/backend/build
"ProblemDtoTest.EscapesSpecialCharacters" start time: Jul 25 17:51 CST
Output:
----------------------------------------------------------
Running main() from ./googletest/src/gtest_main.cc
Note: Google Test filter = ProblemDtoTest.EscapesSpecialCharacters
[==========] Running 1 test from 1 test suite.
[----------] Global test environment set-up.
[----------] 1 test from ProblemDtoTest
[ RUN      ] ProblemDtoTest.EscapesSpecialCharacters
[       OK ] ProblemDtoTest.EscapesSpecialCharacters (0 ms)
[----------] 1 test from ProblemDtoTest (0 ms total)

[----------] Global test environment tear-down
[==========] 1 test from 1 test suite ran. (0 ms total)
[  PASSED  ] 1 test.
<end of output>
Test time =   0.00 sec
----------------------------------------------------------
Test Passed.
"ProblemDtoTest.EscapesSpecialCharacters" end time: Jul 25 17:51 CST
"ProblemDtoTest.EscapesSpecialCharacters" time elapsed: 00:00:00
----------------------------------------------------------

35/138 Testing: AdminTestCaseDtoTest.MapsAllFields
35/138 Test: AdminTestCaseDtoTest.MapsAllFields
Command: "/root/project/oj-vibe_coding/backend/build/minioj_test_admin_request" "--gtest_filter=AdminTestCaseDtoTest.MapsAllFields" "--gtest_also_run_disabled_tests"
Directory: /root/project/oj-vibe_coding/backend/build
"AdminTestCaseDtoTest.MapsAllFields" start time: Jul 25 17:51 CST
Output:
----------------------------------------------------------
Running main() from ./googletest/src/gtest_main.cc
Note: Google Test filter = AdminTestCaseDtoTest.MapsAllFields
[==========] Running 1 test from 1 test suite.
[----------] Global test environment set-up.
[----------] 1 test from AdminTestCaseDtoTest
[ RUN      ] AdminTestCaseDtoTest.MapsAllFields
[       OK ] AdminTestCaseDtoTest.MapsAllFields (0 ms)
[----------] 1 test from AdminTestCaseDtoTest (0 ms total)

[----------] Global test environment tear-down
[==========] 1 test from 1 test suite ran. (0 ms total)
[  PASSED  ] 1 test.
<end of output>
Test time =   0.00 sec
----------------------------------------------------------
Test Passed.
"AdminTestCaseDtoTest.MapsAllFields" end time: Jul 25 17:51 CST
"AdminTestCaseDtoTest.MapsAllFields" time elapsed: 00:00:00
----------------------------------------------------------

36/138 Testing: AdminProblemDetailDtoTest.IncludesTagsAndAllTestcases
36/138 Test: AdminProblemDetailDtoTest.IncludesTagsAndAllTestcases
Command: "/root/project/oj-vibe_coding/backend/build/minioj_test_admin_request" "--gtest_filter=AdminProblemDetailDtoTest.IncludesTagsAndAllTestcases" "--gtest_also_run_disabled_tests"
Directory: /root/project/oj-vibe_coding/backend/build
"AdminProblemDetailDtoTest.IncludesTagsAndAllTestcases" start time: Jul 25 17:51 CST
Output:
----------------------------------------------------------
Running main() from ./googletest/src/gtest_main.cc
Note: Google Test filter = AdminProblemDetailDtoTest.IncludesTagsAndAllTestcases
[==========] Running 1 test from 1 test suite.
[----------] Global test environment set-up.
[----------] 1 test from AdminProblemDetailDtoTest
[ RUN      ] AdminProblemDetailDtoTest.IncludesTagsAndAllTestcases
[       OK ] AdminProblemDetailDtoTest.IncludesTagsAndAllTestcases (0 ms)
[----------] 1 test from AdminProblemDetailDtoTest (0 ms total)

[----------] Global test environment tear-down
[==========] 1 test from 1 test suite ran. (0 ms total)
[  PASSED  ] 1 test.
<end of output>
Test time =   0.00 sec
----------------------------------------------------------
Test Passed.
"AdminProblemDetailDtoTest.IncludesTagsAndAllTestcases" end time: Jul 25 17:51 CST
"AdminProblemDetailDtoTest.IncludesTagsAndAllTestcases" time elapsed: 00:00:00
----------------------------------------------------------

37/138 Testing: AdminProblemListDtoTest.WrapsInArray
37/138 Test: AdminProblemListDtoTest.WrapsInArray
Command: "/root/project/oj-vibe_coding/backend/build/minioj_test_admin_request" "--gtest_filter=AdminProblemListDtoTest.WrapsInArray" "--gtest_also_run_disabled_tests"
Directory: /root/project/oj-vibe_coding/backend/build
"AdminProblemListDtoTest.WrapsInArray" start time: Jul 25 17:51 CST
Output:
----------------------------------------------------------
Running main() from ./googletest/src/gtest_main.cc
Note: Google Test filter = AdminProblemListDtoTest.WrapsInArray
[==========] Running 1 test from 1 test suite.
[----------] Global test environment set-up.
[----------] 1 test from AdminProblemListDtoTest
[ RUN      ] AdminProblemListDtoTest.WrapsInArray
[       OK ] AdminProblemListDtoTest.WrapsInArray (0 ms)
[----------] 1 test from AdminProblemListDtoTest (0 ms total)

[----------] Global test environment tear-down
[==========] 1 test from 1 test suite ran. (0 ms total)
[  PASSED  ] 1 test.
<end of output>
Test time =   0.00 sec
----------------------------------------------------------
Test Passed.
"AdminProblemListDtoTest.WrapsInArray" end time: Jul 25 17:51 CST
"AdminProblemListDtoTest.WrapsInArray" time elapsed: 00:00:00
----------------------------------------------------------

38/138 Testing: ParseJsonBodyTest.AcceptsObject
38/138 Test: ParseJsonBodyTest.AcceptsObject
Command: "/root/project/oj-vibe_coding/backend/build/minioj_test_admin_request" "--gtest_filter=ParseJsonBodyTest.AcceptsObject" "--gtest_also_run_disabled_tests"
Directory: /root/project/oj-vibe_coding/backend/build
"ParseJsonBodyTest.AcceptsObject" start time: Jul 25 17:51 CST
Output:
----------------------------------------------------------
Running main() from ./googletest/src/gtest_main.cc
Note: Google Test filter = ParseJsonBodyTest.AcceptsObject
[==========] Running 1 test from 1 test suite.
[----------] Global test environment set-up.
[----------] 1 test from ParseJsonBodyTest
[ RUN      ] ParseJsonBodyTest.AcceptsObject
[       OK ] ParseJsonBodyTest.AcceptsObject (0 ms)
[----------] 1 test from ParseJsonBodyTest (0 ms total)

[----------] Global test environment tear-down
[==========] 1 test from 1 test suite ran. (0 ms total)
[  PASSED  ] 1 test.
<end of output>
Test time =   0.01 sec
----------------------------------------------------------
Test Passed.
"ParseJsonBodyTest.AcceptsObject" end time: Jul 25 17:51 CST
"ParseJsonBodyTest.AcceptsObject" time elapsed: 00:00:00
----------------------------------------------------------

39/138 Testing: ParseJsonBodyTest.RejectsEmpty
39/138 Test: ParseJsonBodyTest.RejectsEmpty
Command: "/root/project/oj-vibe_coding/backend/build/minioj_test_admin_request" "--gtest_filter=ParseJsonBodyTest.RejectsEmpty" "--gtest_also_run_disabled_tests"
Directory: /root/project/oj-vibe_coding/backend/build
"ParseJsonBodyTest.RejectsEmpty" start time: Jul 25 17:51 CST
Output:
----------------------------------------------------------
Running main() from ./googletest/src/gtest_main.cc
Note: Google Test filter = ParseJsonBodyTest.RejectsEmpty
[==========] Running 1 test from 1 test suite.
[----------] Global test environment set-up.
[----------] 1 test from ParseJsonBodyTest
[ RUN      ] ParseJsonBodyTest.RejectsEmpty
[       OK ] ParseJsonBodyTest.RejectsEmpty (0 ms)
[----------] 1 test from ParseJsonBodyTest (0 ms total)

[----------] Global test environment tear-down
[==========] 1 test from 1 test suite ran. (0 ms total)
[  PASSED  ] 1 test.
<end of output>
Test time =   0.00 sec
----------------------------------------------------------
Test Passed.
"ParseJsonBodyTest.RejectsEmpty" end time: Jul 25 17:51 CST
"ParseJsonBodyTest.RejectsEmpty" time elapsed: 00:00:00
----------------------------------------------------------

40/138 Testing: ParseJsonBodyTest.RejectsMalformed
40/138 Test: ParseJsonBodyTest.RejectsMalformed
Command: "/root/project/oj-vibe_coding/backend/build/minioj_test_admin_request" "--gtest_filter=ParseJsonBodyTest.RejectsMalformed" "--gtest_also_run_disabled_tests"
Directory: /root/project/oj-vibe_coding/backend/build
"ParseJsonBodyTest.RejectsMalformed" start time: Jul 25 17:51 CST
Output:
----------------------------------------------------------
Running main() from ./googletest/src/gtest_main.cc
Note: Google Test filter = ParseJsonBodyTest.RejectsMalformed
[==========] Running 1 test from 1 test suite.
[----------] Global test environment set-up.
[----------] 1 test from ParseJsonBodyTest
[ RUN      ] ParseJsonBodyTest.RejectsMalformed
[       OK ] ParseJsonBodyTest.RejectsMalformed (0 ms)
[----------] 1 test from ParseJsonBodyTest (0 ms total)

[----------] Global test environment tear-down
[==========] 1 test from 1 test suite ran. (0 ms total)
[  PASSED  ] 1 test.
<end of output>
Test time =   0.00 sec
----------------------------------------------------------
Test Passed.
"ParseJsonBodyTest.RejectsMalformed" end time: Jul 25 17:51 CST
"ParseJsonBodyTest.RejectsMalformed" time elapsed: 00:00:00
----------------------------------------------------------

41/138 Testing: ParseProblemInputTest.AcceptsValidPayload
41/138 Test: ParseProblemInputTest.AcceptsValidPayload
Command: "/root/project/oj-vibe_coding/backend/build/minioj_test_admin_request" "--gtest_filter=ParseProblemInputTest.AcceptsValidPayload" "--gtest_also_run_disabled_tests"
Directory: /root/project/oj-vibe_coding/backend/build
"ParseProblemInputTest.AcceptsValidPayload" start time: Jul 25 17:51 CST
Output:
----------------------------------------------------------
Running main() from ./googletest/src/gtest_main.cc
Note: Google Test filter = ParseProblemInputTest.AcceptsValidPayload
[==========] Running 1 test from 1 test suite.
[----------] Global test environment set-up.
[----------] 1 test from ParseProblemInputTest
[ RUN      ] ParseProblemInputTest.AcceptsValidPayload
[       OK ] ParseProblemInputTest.AcceptsValidPayload (0 ms)
[----------] 1 test from ParseProblemInputTest (0 ms total)

[----------] Global test environment tear-down
[==========] 1 test from 1 test suite ran. (0 ms total)
[  PASSED  ] 1 test.
<end of output>
Test time =   0.00 sec
----------------------------------------------------------
Test Passed.
"ParseProblemInputTest.AcceptsValidPayload" end time: Jul 25 17:51 CST
"ParseProblemInputTest.AcceptsValidPayload" time elapsed: 00:00:00
----------------------------------------------------------

42/138 Testing: ParseProblemInputTest.TagsAndTestcasesOptionalDefaults
42/138 Test: ParseProblemInputTest.TagsAndTestcasesOptionalDefaults
Command: "/root/project/oj-vibe_coding/backend/build/minioj_test_admin_request" "--gtest_filter=ParseProblemInputTest.TagsAndTestcasesOptionalDefaults" "--gtest_also_run_disabled_tests"
Directory: /root/project/oj-vibe_coding/backend/build
"ParseProblemInputTest.TagsAndTestcasesOptionalDefaults" start time: Jul 25 17:51 CST
Output:
----------------------------------------------------------
Running main() from ./googletest/src/gtest_main.cc
Note: Google Test filter = ParseProblemInputTest.TagsAndTestcasesOptionalDefaults
[==========] Running 1 test from 1 test suite.
[----------] Global test environment set-up.
[----------] 1 test from ParseProblemInputTest
[ RUN      ] ParseProblemInputTest.TagsAndTestcasesOptionalDefaults
[       OK ] ParseProblemInputTest.TagsAndTestcasesOptionalDefaults (0 ms)
[----------] 1 test from ParseProblemInputTest (0 ms total)

[----------] Global test environment tear-down
[==========] 1 test from 1 test suite ran. (0 ms total)
[  PASSED  ] 1 test.
<end of output>
Test time =   0.00 sec
----------------------------------------------------------
Test Passed.
"ParseProblemInputTest.TagsAndTestcasesOptionalDefaults" end time: Jul 25 17:51 CST
"ParseProblemInputTest.TagsAndTestcasesOptionalDefaults" time elapsed: 00:00:00
----------------------------------------------------------

43/138 Testing: ParseProblemInputTest.RejectsMissingTitle
43/138 Test: ParseProblemInputTest.RejectsMissingTitle
Command: "/root/project/oj-vibe_coding/backend/build/minioj_test_admin_request" "--gtest_filter=ParseProblemInputTest.RejectsMissingTitle" "--gtest_also_run_disabled_tests"
Directory: /root/project/oj-vibe_coding/backend/build
"ParseProblemInputTest.RejectsMissingTitle" start time: Jul 25 17:51 CST
Output:
----------------------------------------------------------
Running main() from ./googletest/src/gtest_main.cc
Note: Google Test filter = ParseProblemInputTest.RejectsMissingTitle
[==========] Running 1 test from 1 test suite.
[----------] Global test environment set-up.
[----------] 1 test from ParseProblemInputTest
[ RUN      ] ParseProblemInputTest.RejectsMissingTitle
[       OK ] ParseProblemInputTest.RejectsMissingTitle (0 ms)
[----------] 1 test from ParseProblemInputTest (0 ms total)

[----------] Global test environment tear-down
[==========] 1 test from 1 test suite ran. (0 ms total)
[  PASSED  ] 1 test.
<end of output>
Test time =   0.00 sec
----------------------------------------------------------
Test Passed.
"ParseProblemInputTest.RejectsMissingTitle" end time: Jul 25 17:51 CST
"ParseProblemInputTest.RejectsMissingTitle" time elapsed: 00:00:00
----------------------------------------------------------

44/138 Testing: ParseProblemInputTest.RejectsEmptyTitle
44/138 Test: ParseProblemInputTest.RejectsEmptyTitle
Command: "/root/project/oj-vibe_coding/backend/build/minioj_test_admin_request" "--gtest_filter=ParseProblemInputTest.RejectsEmptyTitle" "--gtest_also_run_disabled_tests"
Directory: /root/project/oj-vibe_coding/backend/build
"ParseProblemInputTest.RejectsEmptyTitle" start time: Jul 25 17:51 CST
Output:
----------------------------------------------------------
Running main() from ./googletest/src/gtest_main.cc
Note: Google Test filter = ParseProblemInputTest.RejectsEmptyTitle
[==========] Running 1 test from 1 test suite.
[----------] Global test environment set-up.
[----------] 1 test from ParseProblemInputTest
[ RUN      ] ParseProblemInputTest.RejectsEmptyTitle
[       OK ] ParseProblemInputTest.RejectsEmptyTitle (0 ms)
[----------] 1 test from ParseProblemInputTest (0 ms total)

[----------] Global test environment tear-down
[==========] 1 test from 1 test suite ran. (0 ms total)
[  PASSED  ] 1 test.
<end of output>
Test time =   0.00 sec
----------------------------------------------------------
Test Passed.
"ParseProblemInputTest.RejectsEmptyTitle" end time: Jul 25 17:51 CST
"ParseProblemInputTest.RejectsEmptyTitle" time elapsed: 00:00:00
----------------------------------------------------------

45/138 Testing: ParseProblemInputTest.RejectsInvalidDifficulty
45/138 Test: ParseProblemInputTest.RejectsInvalidDifficulty
Command: "/root/project/oj-vibe_coding/backend/build/minioj_test_admin_request" "--gtest_filter=ParseProblemInputTest.RejectsInvalidDifficulty" "--gtest_also_run_disabled_tests"
Directory: /root/project/oj-vibe_coding/backend/build
"ParseProblemInputTest.RejectsInvalidDifficulty" start time: Jul 25 17:51 CST
Output:
----------------------------------------------------------
Running main() from ./googletest/src/gtest_main.cc
Note: Google Test filter = ParseProblemInputTest.RejectsInvalidDifficulty
[==========] Running 1 test from 1 test suite.
[----------] Global test environment set-up.
[----------] 1 test from ParseProblemInputTest
[ RUN      ] ParseProblemInputTest.RejectsInvalidDifficulty
[       OK ] ParseProblemInputTest.RejectsInvalidDifficulty (0 ms)
[----------] 1 test from ParseProblemInputTest (0 ms total)

[----------] Global test environment tear-down
[==========] 1 test from 1 test suite ran. (0 ms total)
[  PASSED  ] 1 test.
<end of output>
Test time =   0.00 sec
----------------------------------------------------------
Test Passed.
"ParseProblemInputTest.RejectsInvalidDifficulty" end time: Jul 25 17:51 CST
"ParseProblemInputTest.RejectsInvalidDifficulty" time elapsed: 00:00:00
----------------------------------------------------------

46/138 Testing: ParseProblemInputTest.RejectsZeroTimeLimit
46/138 Test: ParseProblemInputTest.RejectsZeroTimeLimit
Command: "/root/project/oj-vibe_coding/backend/build/minioj_test_admin_request" "--gtest_filter=ParseProblemInputTest.RejectsZeroTimeLimit" "--gtest_also_run_disabled_tests"
Directory: /root/project/oj-vibe_coding/backend/build
"ParseProblemInputTest.RejectsZeroTimeLimit" start time: Jul 25 17:51 CST
Output:
----------------------------------------------------------
Running main() from ./googletest/src/gtest_main.cc
Note: Google Test filter = ParseProblemInputTest.RejectsZeroTimeLimit
[==========] Running 1 test from 1 test suite.
[----------] Global test environment set-up.
[----------] 1 test from ParseProblemInputTest
[ RUN      ] ParseProblemInputTest.RejectsZeroTimeLimit
[       OK ] ParseProblemInputTest.RejectsZeroTimeLimit (0 ms)
[----------] 1 test from ParseProblemInputTest (0 ms total)

[----------] Global test environment tear-down
[==========] 1 test from 1 test suite ran. (0 ms total)
[  PASSED  ] 1 test.
<end of output>
Test time =   0.00 sec
----------------------------------------------------------
Test Passed.
"ParseProblemInputTest.RejectsZeroTimeLimit" end time: Jul 25 17:51 CST
"ParseProblemInputTest.RejectsZeroTimeLimit" time elapsed: 00:00:00
----------------------------------------------------------

47/138 Testing: ParseProblemInputTest.RejectsWrongType
47/138 Test: ParseProblemInputTest.RejectsWrongType
Command: "/root/project/oj-vibe_coding/backend/build/minioj_test_admin_request" "--gtest_filter=ParseProblemInputTest.RejectsWrongType" "--gtest_also_run_disabled_tests"
Directory: /root/project/oj-vibe_coding/backend/build
"ParseProblemInputTest.RejectsWrongType" start time: Jul 25 17:51 CST
Output:
----------------------------------------------------------
Running main() from ./googletest/src/gtest_main.cc
Note: Google Test filter = ParseProblemInputTest.RejectsWrongType
[==========] Running 1 test from 1 test suite.
[----------] Global test environment set-up.
[----------] 1 test from ParseProblemInputTest
[ RUN      ] ParseProblemInputTest.RejectsWrongType
[       OK ] ParseProblemInputTest.RejectsWrongType (0 ms)
[----------] 1 test from ParseProblemInputTest (0 ms total)

[----------] Global test environment tear-down
[==========] 1 test from 1 test suite ran. (0 ms total)
[  PASSED  ] 1 test.
<end of output>
Test time =   0.00 sec
----------------------------------------------------------
Test Passed.
"ParseProblemInputTest.RejectsWrongType" end time: Jul 25 17:51 CST
"ParseProblemInputTest.RejectsWrongType" time elapsed: 00:00:00
----------------------------------------------------------

48/138 Testing: ParseProblemInputTest.RejectsTagsNotArray
48/138 Test: ParseProblemInputTest.RejectsTagsNotArray
Command: "/root/project/oj-vibe_coding/backend/build/minioj_test_admin_request" "--gtest_filter=ParseProblemInputTest.RejectsTagsNotArray" "--gtest_also_run_disabled_tests"
Directory: /root/project/oj-vibe_coding/backend/build
"ParseProblemInputTest.RejectsTagsNotArray" start time: Jul 25 17:51 CST
Output:
----------------------------------------------------------
Running main() from ./googletest/src/gtest_main.cc
Note: Google Test filter = ParseProblemInputTest.RejectsTagsNotArray
[==========] Running 1 test from 1 test suite.
[----------] Global test environment set-up.
[----------] 1 test from ParseProblemInputTest
[ RUN      ] ParseProblemInputTest.RejectsTagsNotArray
[       OK ] ParseProblemInputTest.RejectsTagsNotArray (0 ms)
[----------] 1 test from ParseProblemInputTest (0 ms total)

[----------] Global test environment tear-down
[==========] 1 test from 1 test suite ran. (0 ms total)
[  PASSED  ] 1 test.
<end of output>
Test time =   0.00 sec
----------------------------------------------------------
Test Passed.
"ParseProblemInputTest.RejectsTagsNotArray" end time: Jul 25 17:51 CST
"ParseProblemInputTest.RejectsTagsNotArray" time elapsed: 00:00:00
----------------------------------------------------------

49/138 Testing: ParseProblemInputTest.RejectsEmptyTestcases
49/138 Test: ParseProblemInputTest.RejectsEmptyTestcases
Command: "/root/project/oj-vibe_coding/backend/build/minioj_test_admin_request" "--gtest_filter=ParseProblemInputTest.RejectsEmptyTestcases" "--gtest_also_run_disabled_tests"
Directory: /root/project/oj-vibe_coding/backend/build
"ParseProblemInputTest.RejectsEmptyTestcases" start time: Jul 25 17:51 CST
Output:
----------------------------------------------------------
Running main() from ./googletest/src/gtest_main.cc
Note: Google Test filter = ParseProblemInputTest.RejectsEmptyTestcases
[==========] Running 1 test from 1 test suite.
[----------] Global test environment set-up.
[----------] 1 test from ParseProblemInputTest
[ RUN      ] ParseProblemInputTest.RejectsEmptyTestcases
[       OK ] ParseProblemInputTest.RejectsEmptyTestcases (0 ms)
[----------] 1 test from ParseProblemInputTest (0 ms total)

[----------] Global test environment tear-down
[==========] 1 test from 1 test suite ran. (0 ms total)
[  PASSED  ] 1 test.
<end of output>
Test time =   0.00 sec
----------------------------------------------------------
Test Passed.
"ParseProblemInputTest.RejectsEmptyTestcases" end time: Jul 25 17:51 CST
"ParseProblemInputTest.RejectsEmptyTestcases" time elapsed: 00:00:00
----------------------------------------------------------

50/138 Testing: ParseProblemInputTest.RejectsTooLongTitle
50/138 Test: ParseProblemInputTest.RejectsTooLongTitle
Command: "/root/project/oj-vibe_coding/backend/build/minioj_test_admin_request" "--gtest_filter=ParseProblemInputTest.RejectsTooLongTitle" "--gtest_also_run_disabled_tests"
Directory: /root/project/oj-vibe_coding/backend/build
"ParseProblemInputTest.RejectsTooLongTitle" start time: Jul 25 17:51 CST
Output:
----------------------------------------------------------
Running main() from ./googletest/src/gtest_main.cc
Note: Google Test filter = ParseProblemInputTest.RejectsTooLongTitle
[==========] Running 1 test from 1 test suite.
[----------] Global test environment set-up.
[----------] 1 test from ParseProblemInputTest
[ RUN      ] ParseProblemInputTest.RejectsTooLongTitle
[       OK ] ParseProblemInputTest.RejectsTooLongTitle (0 ms)
[----------] 1 test from ParseProblemInputTest (0 ms total)

[----------] Global test environment tear-down
[==========] 1 test from 1 test suite ran. (0 ms total)
[  PASSED  ] 1 test.
<end of output>
Test time =   0.01 sec
----------------------------------------------------------
Test Passed.
"ParseProblemInputTest.RejectsTooLongTitle" end time: Jul 25 17:51 CST
"ParseProblemInputTest.RejectsTooLongTitle" time elapsed: 00:00:00
----------------------------------------------------------

51/138 Testing: ParseTestCaseInputTest.AcceptsMinimalPayload
51/138 Test: ParseTestCaseInputTest.AcceptsMinimalPayload
Command: "/root/project/oj-vibe_coding/backend/build/minioj_test_admin_request" "--gtest_filter=ParseTestCaseInputTest.AcceptsMinimalPayload" "--gtest_also_run_disabled_tests"
Directory: /root/project/oj-vibe_coding/backend/build
"ParseTestCaseInputTest.AcceptsMinimalPayload" start time: Jul 25 17:51 CST
Output:
----------------------------------------------------------
Running main() from ./googletest/src/gtest_main.cc
Note: Google Test filter = ParseTestCaseInputTest.AcceptsMinimalPayload
[==========] Running 1 test from 1 test suite.
[----------] Global test environment set-up.
[----------] 1 test from ParseTestCaseInputTest
[ RUN      ] ParseTestCaseInputTest.AcceptsMinimalPayload
[       OK ] ParseTestCaseInputTest.AcceptsMinimalPayload (0 ms)
[----------] 1 test from ParseTestCaseInputTest (0 ms total)

[----------] Global test environment tear-down
[==========] 1 test from 1 test suite ran. (0 ms total)
[  PASSED  ] 1 test.
<end of output>
Test time =   0.00 sec
----------------------------------------------------------
Test Passed.
"ParseTestCaseInputTest.AcceptsMinimalPayload" end time: Jul 25 17:51 CST
"ParseTestCaseInputTest.AcceptsMinimalPayload" time elapsed: 00:00:00
----------------------------------------------------------

52/138 Testing: ParseTestCaseInputTest.AcceptsIdForUpdate
52/138 Test: ParseTestCaseInputTest.AcceptsIdForUpdate
Command: "/root/project/oj-vibe_coding/backend/build/minioj_test_admin_request" "--gtest_filter=ParseTestCaseInputTest.AcceptsIdForUpdate" "--gtest_also_run_disabled_tests"
Directory: /root/project/oj-vibe_coding/backend/build
"ParseTestCaseInputTest.AcceptsIdForUpdate" start time: Jul 25 17:51 CST
Output:
----------------------------------------------------------
Running main() from ./googletest/src/gtest_main.cc
Note: Google Test filter = ParseTestCaseInputTest.AcceptsIdForUpdate
[==========] Running 1 test from 1 test suite.
[----------] Global test environment set-up.
[----------] 1 test from ParseTestCaseInputTest
[ RUN      ] ParseTestCaseInputTest.AcceptsIdForUpdate
[       OK ] ParseTestCaseInputTest.AcceptsIdForUpdate (0 ms)
[----------] 1 test from ParseTestCaseInputTest (0 ms total)

[----------] Global test environment tear-down
[==========] 1 test from 1 test suite ran. (0 ms total)
[  PASSED  ] 1 test.
<end of output>
Test time =   0.00 sec
----------------------------------------------------------
Test Passed.
"ParseTestCaseInputTest.AcceptsIdForUpdate" end time: Jul 25 17:51 CST
"ParseTestCaseInputTest.AcceptsIdForUpdate" time elapsed: 00:00:00
----------------------------------------------------------

53/138 Testing: ParseTestCaseInputTest.RejectsNegativeId
53/138 Test: ParseTestCaseInputTest.RejectsNegativeId
Command: "/root/project/oj-vibe_coding/backend/build/minioj_test_admin_request" "--gtest_filter=ParseTestCaseInputTest.RejectsNegativeId" "--gtest_also_run_disabled_tests"
Directory: /root/project/oj-vibe_coding/backend/build
"ParseTestCaseInputTest.RejectsNegativeId" start time: Jul 25 17:51 CST
Output:
----------------------------------------------------------
Running main() from ./googletest/src/gtest_main.cc
Note: Google Test filter = ParseTestCaseInputTest.RejectsNegativeId
[==========] Running 1 test from 1 test suite.
[----------] Global test environment set-up.
[----------] 1 test from ParseTestCaseInputTest
[ RUN      ] ParseTestCaseInputTest.RejectsNegativeId
[       OK ] ParseTestCaseInputTest.RejectsNegativeId (0 ms)
[----------] 1 test from ParseTestCaseInputTest (0 ms total)

[----------] Global test environment tear-down
[==========] 1 test from 1 test suite ran. (0 ms total)
[  PASSED  ] 1 test.
<end of output>
Test time =   0.00 sec
----------------------------------------------------------
Test Passed.
"ParseTestCaseInputTest.RejectsNegativeId" end time: Jul 25 17:51 CST
"ParseTestCaseInputTest.RejectsNegativeId" time elapsed: 00:00:00
----------------------------------------------------------

54/138 Testing: ParseTestCaseInputTest.RejectsMissingInput
54/138 Test: ParseTestCaseInputTest.RejectsMissingInput
Command: "/root/project/oj-vibe_coding/backend/build/minioj_test_admin_request" "--gtest_filter=ParseTestCaseInputTest.RejectsMissingInput" "--gtest_also_run_disabled_tests"
Directory: /root/project/oj-vibe_coding/backend/build
"ParseTestCaseInputTest.RejectsMissingInput" start time: Jul 25 17:51 CST
Output:
----------------------------------------------------------
Running main() from ./googletest/src/gtest_main.cc
Note: Google Test filter = ParseTestCaseInputTest.RejectsMissingInput
[==========] Running 1 test from 1 test suite.
[----------] Global test environment set-up.
[----------] 1 test from ParseTestCaseInputTest
[ RUN      ] ParseTestCaseInputTest.RejectsMissingInput
[       OK ] ParseTestCaseInputTest.RejectsMissingInput (0 ms)
[----------] 1 test from ParseTestCaseInputTest (0 ms total)

[----------] Global test environment tear-down
[==========] 1 test from 1 test suite ran. (0 ms total)
[  PASSED  ] 1 test.
<end of output>
Test time =   0.00 sec
----------------------------------------------------------
Test Passed.
"ParseTestCaseInputTest.RejectsMissingInput" end time: Jul 25 17:51 CST
"ParseTestCaseInputTest.RejectsMissingInput" time elapsed: 00:00:00
----------------------------------------------------------

55/138 Testing: DiffTest.IdenticalStringsMatch
55/138 Test: DiffTest.IdenticalStringsMatch
Command: "/root/project/oj-vibe_coding/backend/build/minioj_test_diff" "--gtest_filter=DiffTest.IdenticalStringsMatch" "--gtest_also_run_disabled_tests"
Directory: /root/project/oj-vibe_coding/backend/build
"DiffTest.IdenticalStringsMatch" start time: Jul 25 17:51 CST
Output:
----------------------------------------------------------
Running main() from ./googletest/src/gtest_main.cc
Note: Google Test filter = DiffTest.IdenticalStringsMatch
[==========] Running 1 test from 1 test suite.
[----------] Global test environment set-up.
[----------] 1 test from DiffTest
[ RUN      ] DiffTest.IdenticalStringsMatch
[       OK ] DiffTest.IdenticalStringsMatch (0 ms)
[----------] 1 test from DiffTest (0 ms total)

[----------] Global test environment tear-down
[==========] 1 test from 1 test suite ran. (0 ms total)
[  PASSED  ] 1 test.
<end of output>
Test time =   0.00 sec
----------------------------------------------------------
Test Passed.
"DiffTest.IdenticalStringsMatch" end time: Jul 25 17:51 CST
"DiffTest.IdenticalStringsMatch" time elapsed: 00:00:00
----------------------------------------------------------

56/138 Testing: DiffTest.IgnoresTrailingNewline
56/138 Test: DiffTest.IgnoresTrailingNewline
Command: "/root/project/oj-vibe_coding/backend/build/minioj_test_diff" "--gtest_filter=DiffTest.IgnoresTrailingNewline" "--gtest_also_run_disabled_tests"
Directory: /root/project/oj-vibe_coding/backend/build
"DiffTest.IgnoresTrailingNewline" start time: Jul 25 17:51 CST
Output:
----------------------------------------------------------
Running main() from ./googletest/src/gtest_main.cc
Note: Google Test filter = DiffTest.IgnoresTrailingNewline
[==========] Running 1 test from 1 test suite.
[----------] Global test environment set-up.
[----------] 1 test from DiffTest
[ RUN      ] DiffTest.IgnoresTrailingNewline
[       OK ] DiffTest.IgnoresTrailingNewline (0 ms)
[----------] 1 test from DiffTest (0 ms total)

[----------] Global test environment tear-down
[==========] 1 test from 1 test suite ran. (0 ms total)
[  PASSED  ] 1 test.
<end of output>
Test time =   0.00 sec
----------------------------------------------------------
Test Passed.
"DiffTest.IgnoresTrailingNewline" end time: Jul 25 17:51 CST
"DiffTest.IgnoresTrailingNewline" time elapsed: 00:00:00
----------------------------------------------------------

57/138 Testing: DiffTest.IgnoresTrailingSpacesAndTabs
57/138 Test: DiffTest.IgnoresTrailingSpacesAndTabs
Command: "/root/project/oj-vibe_coding/backend/build/minioj_test_diff" "--gtest_filter=DiffTest.IgnoresTrailingSpacesAndTabs" "--gtest_also_run_disabled_tests"
Directory: /root/project/oj-vibe_coding/backend/build
"DiffTest.IgnoresTrailingSpacesAndTabs" start time: Jul 25 17:51 CST
Output:
----------------------------------------------------------
Running main() from ./googletest/src/gtest_main.cc
Note: Google Test filter = DiffTest.IgnoresTrailingSpacesAndTabs
[==========] Running 1 test from 1 test suite.
[----------] Global test environment set-up.
[----------] 1 test from DiffTest
[ RUN      ] DiffTest.IgnoresTrailingSpacesAndTabs
[       OK ] DiffTest.IgnoresTrailingSpacesAndTabs (0 ms)
[----------] 1 test from DiffTest (0 ms total)

[----------] Global test environment tear-down
[==========] 1 test from 1 test suite ran. (0 ms total)
[  PASSED  ] 1 test.
<end of output>
Test time =   0.00 sec
----------------------------------------------------------
Test Passed.
"DiffTest.IgnoresTrailingSpacesAndTabs" end time: Jul 25 17:51 CST
"DiffTest.IgnoresTrailingSpacesAndTabs" time elapsed: 00:00:00
----------------------------------------------------------

58/138 Testing: DiffTest.IgnoresTrailingCarriageReturn
58/138 Test: DiffTest.IgnoresTrailingCarriageReturn
Command: "/root/project/oj-vibe_coding/backend/build/minioj_test_diff" "--gtest_filter=DiffTest.IgnoresTrailingCarriageReturn" "--gtest_also_run_disabled_tests"
Directory: /root/project/oj-vibe_coding/backend/build
"DiffTest.IgnoresTrailingCarriageReturn" start time: Jul 25 17:51 CST
Output:
----------------------------------------------------------
Running main() from ./googletest/src/gtest_main.cc
Note: Google Test filter = DiffTest.IgnoresTrailingCarriageReturn
[==========] Running 1 test from 1 test suite.
[----------] Global test environment set-up.
[----------] 1 test from DiffTest
[ RUN      ] DiffTest.IgnoresTrailingCarriageReturn
[       OK ] DiffTest.IgnoresTrailingCarriageReturn (0 ms)
[----------] 1 test from DiffTest (0 ms total)

[----------] Global test environment tear-down
[==========] 1 test from 1 test suite ran. (0 ms total)
[  PASSED  ] 1 test.
<end of output>
Test time =   0.00 sec
----------------------------------------------------------
Test Passed.
"DiffTest.IgnoresTrailingCarriageReturn" end time: Jul 25 17:51 CST
"DiffTest.IgnoresTrailingCarriageReturn" time elapsed: 00:00:00
----------------------------------------------------------

59/138 Testing: DiffTest.MultilineTrailingWhitespaceTolerant
59/138 Test: DiffTest.MultilineTrailingWhitespaceTolerant
Command: "/root/project/oj-vibe_coding/backend/build/minioj_test_diff" "--gtest_filter=DiffTest.MultilineTrailingWhitespaceTolerant" "--gtest_also_run_disabled_tests"
Directory: /root/project/oj-vibe_coding/backend/build
"DiffTest.MultilineTrailingWhitespaceTolerant" start time: Jul 25 17:51 CST
Output:
----------------------------------------------------------
Running main() from ./googletest/src/gtest_main.cc
Note: Google Test filter = DiffTest.MultilineTrailingWhitespaceTolerant
[==========] Running 1 test from 1 test suite.
[----------] Global test environment set-up.
[----------] 1 test from DiffTest
[ RUN      ] DiffTest.MultilineTrailingWhitespaceTolerant
[       OK ] DiffTest.MultilineTrailingWhitespaceTolerant (0 ms)
[----------] 1 test from DiffTest (0 ms total)

[----------] Global test environment tear-down
[==========] 1 test from 1 test suite ran. (0 ms total)
[  PASSED  ] 1 test.
<end of output>
Test time =   0.00 sec
----------------------------------------------------------
Test Passed.
"DiffTest.MultilineTrailingWhitespaceTolerant" end time: Jul 25 17:51 CST
"DiffTest.MultilineTrailingWhitespaceTolerant" time elapsed: 00:00:00
----------------------------------------------------------

60/138 Testing: DiffTest.InternalWhitespaceMustMatch
60/138 Test: DiffTest.InternalWhitespaceMustMatch
Command: "/root/project/oj-vibe_coding/backend/build/minioj_test_diff" "--gtest_filter=DiffTest.InternalWhitespaceMustMatch" "--gtest_also_run_disabled_tests"
Directory: /root/project/oj-vibe_coding/backend/build
"DiffTest.InternalWhitespaceMustMatch" start time: Jul 25 17:51 CST
Output:
----------------------------------------------------------
Running main() from ./googletest/src/gtest_main.cc
Note: Google Test filter = DiffTest.InternalWhitespaceMustMatch
[==========] Running 1 test from 1 test suite.
[----------] Global test environment set-up.
[----------] 1 test from DiffTest
[ RUN      ] DiffTest.InternalWhitespaceMustMatch
[       OK ] DiffTest.InternalWhitespaceMustMatch (0 ms)
[----------] 1 test from DiffTest (0 ms total)

[----------] Global test environment tear-down
[==========] 1 test from 1 test suite ran. (0 ms total)
[  PASSED  ] 1 test.
<end of output>
Test time =   0.00 sec
----------------------------------------------------------
Test Passed.
"DiffTest.InternalWhitespaceMustMatch" end time: Jul 25 17:51 CST
"DiffTest.InternalWhitespaceMustMatch" time elapsed: 00:00:00
----------------------------------------------------------

61/138 Testing: DiffTest.ContentDifferenceDetected
61/138 Test: DiffTest.ContentDifferenceDetected
Command: "/root/project/oj-vibe_coding/backend/build/minioj_test_diff" "--gtest_filter=DiffTest.ContentDifferenceDetected" "--gtest_also_run_disabled_tests"
Directory: /root/project/oj-vibe_coding/backend/build
"DiffTest.ContentDifferenceDetected" start time: Jul 25 17:51 CST
Output:
----------------------------------------------------------
Running main() from ./googletest/src/gtest_main.cc
Note: Google Test filter = DiffTest.ContentDifferenceDetected
[==========] Running 1 test from 1 test suite.
[----------] Global test environment set-up.
[----------] 1 test from DiffTest
[ RUN      ] DiffTest.ContentDifferenceDetected
[       OK ] DiffTest.ContentDifferenceDetected (0 ms)
[----------] 1 test from DiffTest (0 ms total)

[----------] Global test environment tear-down
[==========] 1 test from 1 test suite ran. (0 ms total)
[  PASSED  ] 1 test.
<end of output>
Test time =   0.00 sec
----------------------------------------------------------
Test Passed.
"DiffTest.ContentDifferenceDetected" end time: Jul 25 17:51 CST
"DiffTest.ContentDifferenceDetected" time elapsed: 00:00:00
----------------------------------------------------------

62/138 Testing: DiffTest.EmptyStringsMatch
62/138 Test: DiffTest.EmptyStringsMatch
Command: "/root/project/oj-vibe_coding/backend/build/minioj_test_diff" "--gtest_filter=DiffTest.EmptyStringsMatch" "--gtest_also_run_disabled_tests"
Directory: /root/project/oj-vibe_coding/backend/build
"DiffTest.EmptyStringsMatch" start time: Jul 25 17:51 CST
Output:
----------------------------------------------------------
Running main() from ./googletest/src/gtest_main.cc
[...]
[  PASSED  ] 0 tests.
[  SKIPPED ] 1 test, listed below:
[  SKIPPED ] UserDaoSessionTest.DeleteSessionReturnsFalseForUnknown
<end of output>
Test time =   0.01 sec
----------------------------------------------------------
Test Pass Reason:
Skip regular expression found in output. Regex=[\[  SKIPPED \]]
"UserDaoSessionTest.DeleteSessionReturnsFalseForUnknown" end time: Jul 25 17:51 CST
"UserDaoSessionTest.DeleteSessionReturnsFalseForUnknown" time elapsed: 00:00:00
----------------------------------------------------------

126/138 Testing: MiddlewareParseTest.ReturnsNulloptWhenNoCookieHeader
126/138 Test: MiddlewareParseTest.ReturnsNulloptWhenNoCookieHeader
Command: "/root/project/oj-vibe_coding/backend/build/minioj_test_user_dao" "--gtest_filter=MiddlewareParseTest.ReturnsNulloptWhenNoCookieHeader" "--gtest_also_run_disabled_tests"
Directory: /root/project/oj-vibe_coding/backend/build
"MiddlewareParseTest.ReturnsNulloptWhenNoCookieHeader" start time: Jul 25 17:51 CST
Output:
----------------------------------------------------------
Running main() from ./googletest/src/gtest_main.cc
Note: Google Test filter = MiddlewareParseTest.ReturnsNulloptWhenNoCookieHeader
[==========] Running 1 test from 1 test suite.
[----------] Global test environment set-up.
[----------] 1 test from MiddlewareParseTest
[ RUN      ] MiddlewareParseTest.ReturnsNulloptWhenNoCookieHeader
[       OK ] MiddlewareParseTest.ReturnsNulloptWhenNoCookieHeader (0 ms)
[----------] 1 test from MiddlewareParseTest (0 ms total)

[----------] Global test environment tear-down
[==========] 1 test from 1 test suite ran. (0 ms total)
[  PASSED  ] 1 test.
<end of output>
Test time =   0.01 sec
----------------------------------------------------------
Test Passed.
"MiddlewareParseTest.ReturnsNulloptWhenNoCookieHeader" end time: Jul 25 17:51 CST
"MiddlewareParseTest.ReturnsNulloptWhenNoCookieHeader" time elapsed: 00:00:00
----------------------------------------------------------

127/138 Testing: MiddlewareParseTest.ReturnsNulloptWhenCookieHeaderHasNoSessionCookie
127/138 Test: MiddlewareParseTest.ReturnsNulloptWhenCookieHeaderHasNoSessionCookie
Command: "/root/project/oj-vibe_coding/backend/build/minioj_test_user_dao" "--gtest_filter=MiddlewareParseTest.ReturnsNulloptWhenCookieHeaderHasNoSessionCookie" "--gtest_also_run_disabled_tests"
Directory: /root/project/oj-vibe_coding/backend/build
"MiddlewareParseTest.ReturnsNulloptWhenCookieHeaderHasNoSessionCookie" start time: Jul 25 17:51 CST
Output:
----------------------------------------------------------
Running main() from ./googletest/src/gtest_main.cc
Note: Google Test filter = MiddlewareParseTest.ReturnsNulloptWhenCookieHeaderHasNoSessionCookie
[==========] Running 1 test from 1 test suite.
[----------] Global test environment set-up.
[----------] 1 test from MiddlewareParseTest
[ RUN      ] MiddlewareParseTest.ReturnsNulloptWhenCookieHeaderHasNoSessionCookie
[       OK ] MiddlewareParseTest.ReturnsNulloptWhenCookieHeaderHasNoSessionCookie (0 ms)
[----------] 1 test from MiddlewareParseTest (0 ms total)

[----------] Global test environment tear-down
[==========] 1 test from 1 test suite ran. (0 ms total)
[  PASSED  ] 1 test.
<end of output>
Test time =   0.01 sec
----------------------------------------------------------
Test Passed.
"MiddlewareParseTest.ReturnsNulloptWhenCookieHeaderHasNoSessionCookie" end time: Jul 25 17:51 CST
"MiddlewareParseTest.ReturnsNulloptWhenCookieHeaderHasNoSessionCookie" time elapsed: 00:00:00
----------------------------------------------------------

128/138 Testing: MiddlewareParseTest.ReturnsNulloptWhenSessionIdHasWrongShape
128/138 Test: MiddlewareParseTest.ReturnsNulloptWhenSessionIdHasWrongShape
Command: "/root/project/oj-vibe_coding/backend/build/minioj_test_user_dao" "--gtest_filter=MiddlewareParseTest.ReturnsNulloptWhenSessionIdHasWrongShape" "--gtest_also_run_disabled_tests"
Directory: /root/project/oj-vibe_coding/backend/build
"MiddlewareParseTest.ReturnsNulloptWhenSessionIdHasWrongShape" start time: Jul 25 17:51 CST
Output:
----------------------------------------------------------
Running main() from ./googletest/src/gtest_main.cc
Note: Google Test filter = MiddlewareParseTest.ReturnsNulloptWhenSessionIdHasWrongShape
[==========] Running 1 test from 1 test suite.
[----------] Global test environment set-up.
[----------] 1 test from MiddlewareParseTest
[ RUN      ] MiddlewareParseTest.ReturnsNulloptWhenSessionIdHasWrongShape
[       OK ] MiddlewareParseTest.ReturnsNulloptWhenSessionIdHasWrongShape (0 ms)
[----------] 1 test from MiddlewareParseTest (0 ms total)

[----------] Global test environment tear-down
[==========] 1 test from 1 test suite ran. (0 ms total)
[  PASSED  ] 1 test.
<end of output>
Test time =   0.01 sec
----------------------------------------------------------
Test Passed.
"MiddlewareParseTest.ReturnsNulloptWhenSessionIdHasWrongShape" end time: Jul 25 17:51 CST
"MiddlewareParseTest.ReturnsNulloptWhenSessionIdHasWrongShape" time elapsed: 00:00:00
----------------------------------------------------------

129/138 Testing: MiddlewareParseTest.ParseSessionCookieDoesNotEnforceShape
129/138 Test: MiddlewareParseTest.ParseSessionCookieDoesNotEnforceShape
Command: "/root/project/oj-vibe_coding/backend/build/minioj_test_user_dao" "--gtest_filter=MiddlewareParseTest.ParseSessionCookieDoesNotEnforceShape" "--gtest_also_run_disabled_tests"
Directory: /root/project/oj-vibe_coding/backend/build
"MiddlewareParseTest.ParseSessionCookieDoesNotEnforceShape" start time: Jul 25 17:51 CST
Output:
----------------------------------------------------------
Running main() from ./googletest/src/gtest_main.cc
Note: Google Test filter = MiddlewareParseTest.ParseSessionCookieDoesNotEnforceShape
[==========] Running 1 test from 1 test suite.
[----------] Global test environment set-up.
[----------] 1 test from MiddlewareParseTest
[ RUN      ] MiddlewareParseTest.ParseSessionCookieDoesNotEnforceShape
[       OK ] MiddlewareParseTest.ParseSessionCookieDoesNotEnforceShape (0 ms)
[----------] 1 test from MiddlewareParseTest (0 ms total)

[----------] Global test environment tear-down
[==========] 1 test from 1 test suite ran. (0 ms total)
[  PASSED  ] 1 test.
<end of output>
Test time =   0.01 sec
----------------------------------------------------------
Test Passed.
"MiddlewareParseTest.ParseSessionCookieDoesNotEnforceShape" end time: Jul 25 17:51 CST
"MiddlewareParseTest.ParseSessionCookieDoesNotEnforceShape" time elapsed: 00:00:00
----------------------------------------------------------

130/138 Testing: MiddlewareParseTest.ReturnsSessionIdWhenValidHexCookiePresent
130/138 Test: MiddlewareParseTest.ReturnsSessionIdWhenValidHexCookiePresent
Command: "/root/project/oj-vibe_coding/backend/build/minioj_test_user_dao" "--gtest_filter=MiddlewareParseTest.ReturnsSessionIdWhenValidHexCookiePresent" "--gtest_also_run_disabled_tests"
Directory: /root/project/oj-vibe_coding/backend/build
"MiddlewareParseTest.ReturnsSessionIdWhenValidHexCookiePresent" start time: Jul 25 17:51 CST
Output:
----------------------------------------------------------
Running main() from ./googletest/src/gtest_main.cc
Note: Google Test filter = MiddlewareParseTest.ReturnsSessionIdWhenValidHexCookiePresent
[==========] Running 1 test from 1 test suite.
[----------] Global test environment set-up.
[----------] 1 test from MiddlewareParseTest
[ RUN      ] MiddlewareParseTest.ReturnsSessionIdWhenValidHexCookiePresent
[       OK ] MiddlewareParseTest.ReturnsSessionIdWhenValidHexCookiePresent (0 ms)
[----------] 1 test from MiddlewareParseTest (0 ms total)

[----------] Global test environment tear-down
[==========] 1 test from 1 test suite ran. (0 ms total)
[  PASSED  ] 1 test.
<end of output>
Test time =   0.01 sec
----------------------------------------------------------
Test Passed.
"MiddlewareParseTest.ReturnsSessionIdWhenValidHexCookiePresent" end time: Jul 25 17:51 CST
"MiddlewareParseTest.ReturnsSessionIdWhenValidHexCookiePresent" time elapsed: 00:00:00
----------------------------------------------------------

131/138 Testing: MiddlewareParseTest.PicksSessionCookieFromMixedHeader
131/138 Test: MiddlewareParseTest.PicksSessionCookieFromMixedHeader
Command: "/root/project/oj-vibe_coding/backend/build/minioj_test_user_dao" "--gtest_filter=MiddlewareParseTest.PicksSessionCookieFromMixedHeader" "--gtest_also_run_disabled_tests"
Directory: /root/project/oj-vibe_coding/backend/build
"MiddlewareParseTest.PicksSessionCookieFromMixedHeader" start time: Jul 25 17:51 CST
Output:
----------------------------------------------------------
Running main() from ./googletest/src/gtest_main.cc
Note: Google Test filter = MiddlewareParseTest.PicksSessionCookieFromMixedHeader
[==========] Running 1 test from 1 test suite.
[----------] Global test environment set-up.
[----------] 1 test from MiddlewareParseTest
[ RUN      ] MiddlewareParseTest.PicksSessionCookieFromMixedHeader
[       OK ] MiddlewareParseTest.PicksSessionCookieFromMixedHeader (0 ms)
[----------] 1 test from MiddlewareParseTest (0 ms total)

[----------] Global test environment tear-down
[==========] 1 test from 1 test suite ran. (0 ms total)
[  PASSED  ] 1 test.
<end of output>
Test time =   0.01 sec
----------------------------------------------------------
Test Passed.
"MiddlewareParseTest.PicksSessionCookieFromMixedHeader" end time: Jul 25 17:51 CST
"MiddlewareParseTest.PicksSessionCookieFromMixedHeader" time elapsed: 00:00:00
----------------------------------------------------------

132/138 Testing: MiddlewareParseTest.CookieNameComparisonIsCaseInsensitive
132/138 Test: MiddlewareParseTest.CookieNameComparisonIsCaseInsensitive
Command: "/root/project/oj-vibe_coding/backend/build/minioj_test_user_dao" "--gtest_filter=MiddlewareParseTest.CookieNameComparisonIsCaseInsensitive" "--gtest_also_run_disabled_tests"
Directory: /root/project/oj-vibe_coding/backend/build
"MiddlewareParseTest.CookieNameComparisonIsCaseInsensitive" start time: Jul 25 17:51 CST
Output:
----------------------------------------------------------
Running main() from ./googletest/src/gtest_main.cc
Note: Google Test filter = MiddlewareParseTest.CookieNameComparisonIsCaseInsensitive
[==========] Running 1 test from 1 test suite.
[----------] Global test environment set-up.
[----------] 1 test from MiddlewareParseTest
[ RUN      ] MiddlewareParseTest.CookieNameComparisonIsCaseInsensitive
[       OK ] MiddlewareParseTest.CookieNameComparisonIsCaseInsensitive (0 ms)
[----------] 1 test from MiddlewareParseTest (0 ms total)

[----------] Global test environment tear-down
[==========] 1 test from 1 test suite ran. (0 ms total)
[  PASSED  ] 1 test.
<end of output>
Test time =   0.01 sec
----------------------------------------------------------
Test Passed.
"MiddlewareParseTest.CookieNameComparisonIsCaseInsensitive" end time: Jul 25 17:51 CST
"MiddlewareParseTest.CookieNameComparisonIsCaseInsensitive" time elapsed: 00:00:00
----------------------------------------------------------

133/138 Testing: MiddlewareWriteTest.WriteJsonSetsContentTypeAndStatus
133/138 Test: MiddlewareWriteTest.WriteJsonSetsContentTypeAndStatus
Command: "/root/project/oj-vibe_coding/backend/build/minioj_test_user_dao" "--gtest_filter=MiddlewareWriteTest.WriteJsonSetsContentTypeAndStatus" "--gtest_also_run_disabled_tests"
Directory: /root/project/oj-vibe_coding/backend/build
"MiddlewareWriteTest.WriteJsonSetsContentTypeAndStatus" start time: Jul 25 17:51 CST
Output:
----------------------------------------------------------
Running main() from ./googletest/src/gtest_main.cc
Note: Google Test filter = MiddlewareWriteTest.WriteJsonSetsContentTypeAndStatus
[==========] Running 1 test from 1 test suite.
[----------] Global test environment set-up.
[----------] 1 test from MiddlewareWriteTest
[ RUN      ] MiddlewareWriteTest.WriteJsonSetsContentTypeAndStatus
[       OK ] MiddlewareWriteTest.WriteJsonSetsContentTypeAndStatus (0 ms)
[----------] 1 test from MiddlewareWriteTest (0 ms total)

[----------] Global test environment tear-down
[==========] 1 test from 1 test suite ran. (0 ms total)
[  PASSED  ] 1 test.
<end of output>
Test time =   0.01 sec
----------------------------------------------------------
Test Passed.
"MiddlewareWriteTest.WriteJsonSetsContentTypeAndStatus" end time: Jul 25 17:51 CST
"MiddlewareWriteTest.WriteJsonSetsContentTypeAndStatus" time elapsed: 00:00:00
----------------------------------------------------------

134/138 Testing: MiddlewareWriteTest.WriteErrorIncludesErrorField
134/138 Test: MiddlewareWriteTest.WriteErrorIncludesErrorField
Command: "/root/project/oj-vibe_coding/backend/build/minioj_test_user_dao" "--gtest_filter=MiddlewareWriteTest.WriteErrorIncludesErrorField" "--gtest_also_run_disabled_tests"
Directory: /root/project/oj-vibe_coding/backend/build
"MiddlewareWriteTest.WriteErrorIncludesErrorField" start time: Jul 25 17:51 CST
Output:
----------------------------------------------------------
Running main() from ./googletest/src/gtest_main.cc
Note: Google Test filter = MiddlewareWriteTest.WriteErrorIncludesErrorField
[==========] Running 1 test from 1 test suite.
[----------] Global test environment set-up.
[----------] 1 test from MiddlewareWriteTest
[ RUN      ] MiddlewareWriteTest.WriteErrorIncludesErrorField
[       OK ] MiddlewareWriteTest.WriteErrorIncludesErrorField (0 ms)
[----------] 1 test from MiddlewareWriteTest (0 ms total)

[----------] Global test environment tear-down
[==========] 1 test from 1 test suite ran. (0 ms total)
[  PASSED  ] 1 test.
<end of output>
Test time =   0.01 sec
----------------------------------------------------------
Test Passed.
"MiddlewareWriteTest.WriteErrorIncludesErrorField" end time: Jul 25 17:51 CST
"MiddlewareWriteTest.WriteErrorIncludesErrorField" time elapsed: 00:00:00
----------------------------------------------------------

135/138 Testing: MiddlewareCookieTest.AttachSessionCookieWritesExpectedHeader
135/138 Test: MiddlewareCookieTest.AttachSessionCookieWritesExpectedHeader
Command: "/root/project/oj-vibe_coding/backend/build/minioj_test_user_dao" "--gtest_filter=MiddlewareCookieTest.AttachSessionCookieWritesExpectedHeader" "--gtest_also_run_disabled_tests"
Directory: /root/project/oj-vibe_coding/backend/build
"MiddlewareCookieTest.AttachSessionCookieWritesExpectedHeader" start time: Jul 25 17:51 CST
Output:
----------------------------------------------------------
Running main() from ./googletest/src/gtest_main.cc
Note: Google Test filter = MiddlewareCookieTest.AttachSessionCookieWritesExpectedHeader
[==========] Running 1 test from 1 test suite.
[----------] Global test environment set-up.
[----------] 1 test from MiddlewareCookieTest
[ RUN      ] MiddlewareCookieTest.AttachSessionCookieWritesExpectedHeader
[       OK ] MiddlewareCookieTest.AttachSessionCookieWritesExpectedHeader (0 ms)
[----------] 1 test from MiddlewareCookieTest (0 ms total)

[----------] Global test environment tear-down
[==========] 1 test from 1 test suite ran. (0 ms total)
[  PASSED  ] 1 test.
<end of output>
Test time =   0.01 sec
----------------------------------------------------------
Test Passed.
"MiddlewareCookieTest.AttachSessionCookieWritesExpectedHeader" end time: Jul 25 17:51 CST
"MiddlewareCookieTest.AttachSessionCookieWritesExpectedHeader" time elapsed: 00:00:00
----------------------------------------------------------

136/138 Testing: MiddlewareCookieTest.AttachSessionCookieOmitsSecureWhenDisabled
136/138 Test: MiddlewareCookieTest.AttachSessionCookieOmitsSecureWhenDisabled
Command: "/root/project/oj-vibe_coding/backend/build/minioj_test_user_dao" "--gtest_filter=MiddlewareCookieTest.AttachSessionCookieOmitsSecureWhenDisabled" "--gtest_also_run_disabled_tests"
Directory: /root/project/oj-vibe_coding/backend/build
"MiddlewareCookieTest.AttachSessionCookieOmitsSecureWhenDisabled" start time: Jul 25 17:51 CST
Output:
----------------------------------------------------------
Running main() from ./googletest/src/gtest_main.cc
Note: Google Test filter = MiddlewareCookieTest.AttachSessionCookieOmitsSecureWhenDisabled
[==========] Running 1 test from 1 test suite.
[----------] Global test environment set-up.
[----------] 1 test from MiddlewareCookieTest
[ RUN      ] MiddlewareCookieTest.AttachSessionCookieOmitsSecureWhenDisabled
[       OK ] MiddlewareCookieTest.AttachSessionCookieOmitsSecureWhenDisabled (0 ms)
[----------] 1 test from MiddlewareCookieTest (0 ms total)

[----------] Global test environment tear-down
[==========] 1 test from 1 test suite ran. (0 ms total)
[  PASSED  ] 1 test.
<end of output>
Test time =   0.01 sec
----------------------------------------------------------
Test Passed.
"MiddlewareCookieTest.AttachSessionCookieOmitsSecureWhenDisabled" end time: Jul 25 17:51 CST
"MiddlewareCookieTest.AttachSessionCookieOmitsSecureWhenDisabled" time elapsed: 00:00:00
----------------------------------------------------------

137/138 Testing: MiddlewareCookieTest.AttachSessionCookieIncludesSecureWhenEnabled
137/138 Test: MiddlewareCookieTest.AttachSessionCookieIncludesSecureWhenEnabled
Command: "/root/project/oj-vibe_coding/backend/build/minioj_test_user_dao" "--gtest_filter=MiddlewareCookieTest.AttachSessionCookieIncludesSecureWhenEnabled" "--gtest_also_run_disabled_tests"
Directory: /root/project/oj-vibe_coding/backend/build
"MiddlewareCookieTest.AttachSessionCookieIncludesSecureWhenEnabled" start time: Jul 25 17:51 CST
Output:
----------------------------------------------------------
Running main() from ./googletest/src/gtest_main.cc
Note: Google Test filter = MiddlewareCookieTest.AttachSessionCookieIncludesSecureWhenEnabled
[==========] Running 1 test from 1 test suite.
[----------] Global test environment set-up.
[----------] 1 test from MiddlewareCookieTest
[ RUN      ] MiddlewareCookieTest.AttachSessionCookieIncludesSecureWhenEnabled
[       OK ] MiddlewareCookieTest.AttachSessionCookieIncludesSecureWhenEnabled (0 ms)
[----------] 1 test from MiddlewareCookieTest (0 ms total)

[----------] Global test environment tear-down
[==========] 1 test from 1 test suite ran. (0 ms total)
[  PASSED  ] 1 test.
<end of output>
Test time =   0.01 sec
----------------------------------------------------------
Test Passed.
"MiddlewareCookieTest.AttachSessionCookieIncludesSecureWhenEnabled" end time: Jul 25 17:51 CST
"MiddlewareCookieTest.AttachSessionCookieIncludesSecureWhenEnabled" time elapsed: 00:00:00
----------------------------------------------------------

138/138 Testing: MiddlewareCookieTest.ClearSessionCookieZeroesMaxAge
138/138 Test: MiddlewareCookieTest.ClearSessionCookieZeroesMaxAge
Command: "/root/project/oj-vibe_coding/backend/build/minioj_test_user_dao" "--gtest_filter=MiddlewareCookieTest.ClearSessionCookieZeroesMaxAge" "--gtest_also_run_disabled_tests"
Directory: /root/project/oj-vibe_coding/backend/build
"MiddlewareCookieTest.ClearSessionCookieZeroesMaxAge" start time: Jul 25 17:51 CST
Output:
----------------------------------------------------------
Running main() from ./googletest/src/gtest_main.cc
Note: Google Test filter = MiddlewareCookieTest.ClearSessionCookieZeroesMaxAge
[==========] Running 1 test from 1 test suite.
[----------] Global test environment set-up.
[----------] 1 test from MiddlewareCookieTest
[ RUN      ] MiddlewareCookieTest.ClearSessionCookieZeroesMaxAge
[       OK ] MiddlewareCookieTest.ClearSessionCookieZeroesMaxAge (0 ms)
[----------] 1 test from MiddlewareCookieTest (0 ms total)

[----------] Global test environment tear-down
[==========] 1 test from 1 test suite ran. (0 ms total)
[  PASSED  ] 1 test.
<end of output>
Test time =   0.01 sec
----------------------------------------------------------
Test Passed.
"MiddlewareCookieTest.ClearSessionCookieZeroesMaxAge" end time: Jul 25 17:51 CST
"MiddlewareCookieTest.ClearSessionCookieZeroesMaxAge" time elapsed: 00:00:00
----------------------------------------------------------

End testing: Jul 25 17:51 CST
